INFO - 2025-12-05 00:01:40 --> Session: Class initialized using 'CodeIgniter\Session\Handlers\FileHandler' driver.
DEBUG - 2025-12-05 00:01:40 --> prepareQuarterlyAdditionalInvestmentChartData - Total uploads: 4
DEBUG - 2025-12-05 00:01:40 --> prepareQuarterlyAdditionalInvestmentChartData - Selected year: all
DEBUG - 2025-12-05 00:01:40 --> Processing upload ID: 33, Status: completed, Year: 2024, Quarter: Q1
DEBUG - 2025-12-05 00:01:40 --> Upload ID 33 - PMA: 1653622393959.00, PMDN: 1369327572783.00
DEBUG - 2025-12-05 00:01:40 --> Added to Q1: 3022949966742 (Total now: 3022949966742)
DEBUG - 2025-12-05 00:01:40 --> Processing upload ID: 32, Status: completed, Year: 2022, Quarter: Q3
DEBUG - 2025-12-05 00:01:40 --> Upload ID 32 - PMA: 1653622393959.00, PMDN: 1369327572783.00
DEBUG - 2025-12-05 00:01:40 --> Added to Q3: 3022949966742 (Total now: 3022949966742)
DEBUG - 2025-12-05 00:01:40 --> Processing upload ID: 29, Status: completed, Year: 2025, Quarter: Q3
DEBUG - 2025-12-05 00:01:40 --> Upload ID 29 - PMA: 1653622393959.00, PMDN: 1369327572783.00
DEBUG - 2025-12-05 00:01:40 --> Added to Q3: 3022949966742 (Total now: 6045899933484)
DEBUG - 2025-12-05 00:01:40 --> Processing upload ID: 28, Status: completed, Year: 2025, Quarter: Q1
DEBUG - 2025-12-05 00:01:40 --> Upload ID 28 - PMA: 1653622393959.00, PMDN: 1817276331954.00
DEBUG - 2025-12-05 00:01:40 --> Added to Q1: 3470898725913 (Total now: 6493848692655)
DEBUG - 2025-12-05 00:01:40 --> Final quarterly data before conversion: {"Q1":6493848692655,"Q2":0,"Q3":6045899933484,"Q4":0}
DEBUG - 2025-12-05 00:01:40 --> prepareQuarterlyAdditionalInvestmentChartData - Final result: {"labels":["Q1","Q2","Q3","Q4"],"values":[6493848692655,0,6045899933484,0],"year":"Semua Tahun"}
DEBUG - 2025-12-05 00:01:40 --> prepareQuarterlyAdditionalInvestmentChartDataAllYears - Total uploads: 4
DEBUG - 2025-12-05 00:01:40 --> Processing upload ID: 33, Status: completed, Year: 2024, Quarter: Q1
DEBUG - 2025-12-05 00:01:40 --> Initialized year: 2024
DEBUG - 2025-12-05 00:01:40 --> Upload ID 33 (Year: 2024, Q1) - PMA: 1653622393959.00, PMDN: 1369327572783.00
DEBUG - 2025-12-05 00:01:40 --> Added to Year 2024 Q1: 3022949966742 (Total now: 3022949966742)
DEBUG - 2025-12-05 00:01:40 --> Processing upload ID: 32, Status: completed, Year: 2022, Quarter: Q3
DEBUG - 2025-12-05 00:01:40 --> Initialized year: 2022
DEBUG - 2025-12-05 00:01:40 --> Upload ID 32 (Year: 2022, Q3) - PMA: 1653622393959.00, PMDN: 1369327572783.00
DEBUG - 2025-12-05 00:01:40 --> Added to Year 2022 Q3: 3022949966742 (Total now: 3022949966742)
DEBUG - 2025-12-05 00:01:40 --> Processing upload ID: 29, Status: completed, Year: 2025, Quarter: Q3
DEBUG - 2025-12-05 00:01:40 --> Initialized year: 2025
DEBUG - 2025-12-05 00:01:40 --> Upload ID 29 (Year: 2025, Q3) - PMA: 1653622393959.00, PMDN: 1369327572783.00
DEBUG - 2025-12-05 00:01:40 --> Added to Year 2025 Q3: 3022949966742 (Total now: 3022949966742)
DEBUG - 2025-12-05 00:01:40 --> Processing upload ID: 28, Status: completed, Year: 2025, Quarter: Q1
DEBUG - 2025-12-05 00:01:40 --> Upload ID 28 (Year: 2025, Q1) - PMA: 1653622393959.00, PMDN: 1817276331954.00
DEBUG - 2025-12-05 00:01:40 --> Added to Year 2025 Q1: 3470898725913 (Total now: 3470898725913)
DEBUG - 2025-12-05 00:01:40 --> Yearly quarterly data before conversion: {"2024":{"Q1":3022949966742,"Q2":0,"Q3":0,"Q4":0},"2022":{"Q1":0,"Q2":0,"Q3":3022949966742,"Q4":0},"2025":{"Q1":3470898725913,"Q2":0,"Q3":3022949966742,"Q4":0}}
DEBUG - 2025-12-05 00:01:40 --> prepareQuarterlyAdditionalInvestmentChartDataAllYears - Final result: {"2024":{"labels":["Q1","Q2","Q3","Q4"],"values":[3022949966742,0,0,0]},"2022":{"labels":["Q1","Q2","Q3","Q4"],"values":[0,0,3022949966742,0]},"2025":{"labels":["Q1","Q2","Q3","Q4"],"values":[3470898725913,0,3022949966742,0]}}
INFO - 2025-12-05 00:01:53 --> Session: Class initialized using 'CodeIgniter\Session\Handlers\FileHandler' driver.
DEBUG - 2025-12-05 00:01:54 --> prepareQuarterlyAdditionalInvestmentChartData - Total uploads: 4
DEBUG - 2025-12-05 00:01:54 --> prepareQuarterlyAdditionalInvestmentChartData - Selected year: all
DEBUG - 2025-12-05 00:01:54 --> Processing upload ID: 33, Status: completed, Year: 2024, Quarter: Q1
DEBUG - 2025-12-05 00:01:54 --> Upload ID 33 - PMA: 1653622393959.00, PMDN: 1369327572783.00
DEBUG - 2025-12-05 00:01:54 --> Added to Q1: 3022949966742 (Total now: 3022949966742)
DEBUG - 2025-12-05 00:01:54 --> Processing upload ID: 32, Status: completed, Year: 2022, Quarter: Q3
DEBUG - 2025-12-05 00:01:54 --> Upload ID 32 - PMA: 1653622393959.00, PMDN: 1369327572783.00
DEBUG - 2025-12-05 00:01:54 --> Added to Q3: 3022949966742 (Total now: 3022949966742)
DEBUG - 2025-12-05 00:01:54 --> Processing upload ID: 29, Status: completed, Year: 2025, Quarter: Q3
DEBUG - 2025-12-05 00:01:54 --> Upload ID 29 - PMA: 1653622393959.00, PMDN: 1369327572783.00
DEBUG - 2025-12-05 00:01:54 --> Added to Q3: 3022949966742 (Total now: 6045899933484)
DEBUG - 2025-12-05 00:01:54 --> Processing upload ID: 28, Status: completed, Year: 2025, Quarter: Q1
DEBUG - 2025-12-05 00:01:54 --> Upload ID 28 - PMA: 1653622393959.00, PMDN: 1817276331954.00
DEBUG - 2025-12-05 00:01:54 --> Added to Q1: 3470898725913 (Total now: 6493848692655)
DEBUG - 2025-12-05 00:01:54 --> Final quarterly data before conversion: {"Q1":6493848692655,"Q2":0,"Q3":6045899933484,"Q4":0}
DEBUG - 2025-12-05 00:01:54 --> prepareQuarterlyAdditionalInvestmentChartData - Final result: {"labels":["Q1","Q2","Q3","Q4"],"values":[6493848692655,0,6045899933484,0],"year":"Semua Tahun"}
DEBUG - 2025-12-05 00:01:54 --> prepareQuarterlyAdditionalInvestmentChartDataAllYears - Total uploads: 4
DEBUG - 2025-12-05 00:01:54 --> Processing upload ID: 33, Status: completed, Year: 2024, Quarter: Q1
DEBUG - 2025-12-05 00:01:54 --> Initialized year: 2024
DEBUG - 2025-12-05 00:01:54 --> Upload ID 33 (Year: 2024, Q1) - PMA: 1653622393959.00, PMDN: 1369327572783.00
DEBUG - 2025-12-05 00:01:54 --> Added to Year 2024 Q1: 3022949966742 (Total now: 3022949966742)
DEBUG - 2025-12-05 00:01:54 --> Processing upload ID: 32, Status: completed, Year: 2022, Quarter: Q3
DEBUG - 2025-12-05 00:01:54 --> Initialized year: 2022
DEBUG - 2025-12-05 00:01:54 --> Upload ID 32 (Year: 2022, Q3) - PMA: 1653622393959.00, PMDN: 1369327572783.00
DEBUG - 2025-12-05 00:01:54 --> Added to Year 2022 Q3: 3022949966742 (Total now: 3022949966742)
DEBUG - 2025-12-05 00:01:54 --> Processing upload ID: 29, Status: completed, Year: 2025, Quarter: Q3
DEBUG - 2025-12-05 00:01:54 --> Initialized year: 2025
DEBUG - 2025-12-05 00:01:54 --> Upload ID 29 (Year: 2025, Q3) - PMA: 1653622393959.00, PMDN: 1369327572783.00
DEBUG - 2025-12-05 00:01:54 --> Added to Year 2025 Q3: 3022949966742 (Total now: 3022949966742)
DEBUG - 2025-12-05 00:01:54 --> Processing upload ID: 28, Status: completed, Year: 2025, Quarter: Q1
DEBUG - 2025-12-05 00:01:54 --> Upload ID 28 (Year: 2025, Q1) - PMA: 1653622393959.00, PMDN: 1817276331954.00
DEBUG - 2025-12-05 00:01:54 --> Added to Year 2025 Q1: 3470898725913 (Total now: 3470898725913)
DEBUG - 2025-12-05 00:01:54 --> Yearly quarterly data before conversion: {"2024":{"Q1":3022949966742,"Q2":0,"Q3":0,"Q4":0},"2022":{"Q1":0,"Q2":0,"Q3":3022949966742,"Q4":0},"2025":{"Q1":3470898725913,"Q2":0,"Q3":3022949966742,"Q4":0}}
DEBUG - 2025-12-05 00:01:54 --> prepareQuarterlyAdditionalInvestmentChartDataAllYears - Final result: {"2024":{"labels":["Q1","Q2","Q3","Q4"],"values":[3022949966742,0,0,0]},"2022":{"labels":["Q1","Q2","Q3","Q4"],"values":[0,0,3022949966742,0]},"2025":{"labels":["Q1","Q2","Q3","Q4"],"values":[3470898725913,0,3022949966742,0]}}
INFO - 2025-12-05 00:03:21 --> Session: Class initialized using 'CodeIgniter\Session\Handlers\FileHandler' driver.
DEBUG - 2025-12-05 00:03:21 --> prepareQuarterlyAdditionalInvestmentChartData - Total uploads: 4
DEBUG - 2025-12-05 00:03:21 --> prepareQuarterlyAdditionalInvestmentChartData - Selected year: all
DEBUG - 2025-12-05 00:03:21 --> Processing upload ID: 33, Status: completed, Year: 2024, Quarter: Q1
DEBUG - 2025-12-05 00:03:21 --> Upload ID 33 - PMA: 1653622393959.00, PMDN: 1369327572783.00
DEBUG - 2025-12-05 00:03:21 --> Added to Q1: 3022949966742 (Total now: 3022949966742)
DEBUG - 2025-12-05 00:03:21 --> Processing upload ID: 32, Status: completed, Year: 2022, Quarter: Q3
DEBUG - 2025-12-05 00:03:21 --> Upload ID 32 - PMA: 1653622393959.00, PMDN: 1369327572783.00
DEBUG - 2025-12-05 00:03:21 --> Added to Q3: 3022949966742 (Total now: 3022949966742)
DEBUG - 2025-12-05 00:03:21 --> Processing upload ID: 29, Status: completed, Year: 2025, Quarter: Q3
DEBUG - 2025-12-05 00:03:21 --> Upload ID 29 - PMA: 1653622393959.00, PMDN: 1369327572783.00
DEBUG - 2025-12-05 00:03:21 --> Added to Q3: 3022949966742 (Total now: 6045899933484)
DEBUG - 2025-12-05 00:03:21 --> Processing upload ID: 28, Status: completed, Year: 2025, Quarter: Q1
DEBUG - 2025-12-05 00:03:21 --> Upload ID 28 - PMA: 1653622393959.00, PMDN: 1817276331954.00
DEBUG - 2025-12-05 00:03:21 --> Added to Q1: 3470898725913 (Total now: 6493848692655)
DEBUG - 2025-12-05 00:03:21 --> Final quarterly data before conversion: {"Q1":6493848692655,"Q2":0,"Q3":6045899933484,"Q4":0}
DEBUG - 2025-12-05 00:03:21 --> prepareQuarterlyAdditionalInvestmentChartData - Final result: {"labels":["Q1","Q2","Q3","Q4"],"values":[6493848692655,0,6045899933484,0],"year":"Semua Tahun"}
DEBUG - 2025-12-05 00:03:21 --> prepareQuarterlyAdditionalInvestmentChartDataAllYears - Total uploads: 4
DEBUG - 2025-12-05 00:03:21 --> Processing upload ID: 33, Status: completed, Year: 2024, Quarter: Q1
DEBUG - 2025-12-05 00:03:21 --> Initialized year: 2024
DEBUG - 2025-12-05 00:03:21 --> Upload ID 33 (Year: 2024, Q1) - PMA: 1653622393959.00, PMDN: 1369327572783.00
DEBUG - 2025-12-05 00:03:21 --> Added to Year 2024 Q1: 3022949966742 (Total now: 3022949966742)
DEBUG - 2025-12-05 00:03:21 --> Processing upload ID: 32, Status: completed, Year: 2022, Quarter: Q3
DEBUG - 2025-12-05 00:03:21 --> Initialized year: 2022
DEBUG - 2025-12-05 00:03:21 --> Upload ID 32 (Year: 2022, Q3) - PMA: 1653622393959.00, PMDN: 1369327572783.00
DEBUG - 2025-12-05 00:03:21 --> Added to Year 2022 Q3: 3022949966742 (Total now: 3022949966742)
DEBUG - 2025-12-05 00:03:21 --> Processing upload ID: 29, Status: completed, Year: 2025, Quarter: Q3
DEBUG - 2025-12-05 00:03:21 --> Initialized year: 2025
DEBUG - 2025-12-05 00:03:21 --> Upload ID 29 (Year: 2025, Q3) - PMA: 1653622393959.00, PMDN: 1369327572783.00
DEBUG - 2025-12-05 00:03:21 --> Added to Year 2025 Q3: 3022949966742 (Total now: 3022949966742)
DEBUG - 2025-12-05 00:03:21 --> Processing upload ID: 28, Status: completed, Year: 2025, Quarter: Q1
DEBUG - 2025-12-05 00:03:21 --> Upload ID 28 (Year: 2025, Q1) - PMA: 1653622393959.00, PMDN: 1817276331954.00
DEBUG - 2025-12-05 00:03:21 --> Added to Year 2025 Q1: 3470898725913 (Total now: 3470898725913)
DEBUG - 2025-12-05 00:03:21 --> Yearly quarterly data before conversion: {"2024":{"Q1":3022949966742,"Q2":0,"Q3":0,"Q4":0},"2022":{"Q1":0,"Q2":0,"Q3":3022949966742,"Q4":0},"2025":{"Q1":3470898725913,"Q2":0,"Q3":3022949966742,"Q4":0}}
DEBUG - 2025-12-05 00:03:21 --> prepareQuarterlyAdditionalInvestmentChartDataAllYears - Final result: {"2024":{"labels":["Q1","Q2","Q3","Q4"],"values":[3022949966742,0,0,0]},"2022":{"labels":["Q1","Q2","Q3","Q4"],"values":[0,0,3022949966742,0]},"2025":{"labels":["Q1","Q2","Q3","Q4"],"values":[3470898725913,0,3022949966742,0]}}
INFO - 2025-12-05 00:03:33 --> Session: Class initialized using 'CodeIgniter\Session\Handlers\FileHandler' driver.
DEBUG - 2025-12-05 00:03:33 --> prepareQuarterlyAdditionalInvestmentChartData - Total uploads: 4
DEBUG - 2025-12-05 00:03:33 --> prepareQuarterlyAdditionalInvestmentChartData - Selected year: all
DEBUG - 2025-12-05 00:03:33 --> Processing upload ID: 33, Status: completed, Year: 2024, Quarter: Q1
DEBUG - 2025-12-05 00:03:33 --> Upload ID 33 - PMA: 1653622393959.00, PMDN: 1369327572783.00
DEBUG - 2025-12-05 00:03:33 --> Added to Q1: 3022949966742 (Total now: 3022949966742)
DEBUG - 2025-12-05 00:03:33 --> Processing upload ID: 32, Status: completed, Year: 2022, Quarter: Q3
DEBUG - 2025-12-05 00:03:33 --> Upload ID 32 - PMA: 1653622393959.00, PMDN: 1369327572783.00
DEBUG - 2025-12-05 00:03:33 --> Added to Q3: 3022949966742 (Total now: 3022949966742)
DEBUG - 2025-12-05 00:03:33 --> Processing upload ID: 29, Status: completed, Year: 2025, Quarter: Q3
DEBUG - 2025-12-05 00:03:33 --> Upload ID 29 - PMA: 1653622393959.00, PMDN: 1369327572783.00
DEBUG - 2025-12-05 00:03:33 --> Added to Q3: 3022949966742 (Total now: 6045899933484)
DEBUG - 2025-12-05 00:03:33 --> Processing upload ID: 28, Status: completed, Year: 2025, Quarter: Q1
DEBUG - 2025-12-05 00:03:33 --> Upload ID 28 - PMA: 1653622393959.00, PMDN: 1817276331954.00
DEBUG - 2025-12-05 00:03:33 --> Added to Q1: 3470898725913 (Total now: 6493848692655)
DEBUG - 2025-12-05 00:03:33 --> Final quarterly data before conversion: {"Q1":6493848692655,"Q2":0,"Q3":6045899933484,"Q4":0}
DEBUG - 2025-12-05 00:03:33 --> prepareQuarterlyAdditionalInvestmentChartData - Final result: {"labels":["Q1","Q2","Q3","Q4"],"values":[6493848692655,0,6045899933484,0],"year":"Semua Tahun"}
DEBUG - 2025-12-05 00:03:33 --> prepareQuarterlyAdditionalInvestmentChartDataAllYears - Total uploads: 4
DEBUG - 2025-12-05 00:03:33 --> Processing upload ID: 33, Status: completed, Year: 2024, Quarter: Q1
DEBUG - 2025-12-05 00:03:33 --> Initialized year: 2024
DEBUG - 2025-12-05 00:03:33 --> Upload ID 33 (Year: 2024, Q1) - PMA: 1653622393959.00, PMDN: 1369327572783.00
DEBUG - 2025-12-05 00:03:33 --> Added to Year 2024 Q1: 3022949966742 (Total now: 3022949966742)
DEBUG - 2025-12-05 00:03:33 --> Processing upload ID: 32, Status: completed, Year: 2022, Quarter: Q3
DEBUG - 2025-12-05 00:03:33 --> Initialized year: 2022
DEBUG - 2025-12-05 00:03:33 --> Upload ID 32 (Year: 2022, Q3) - PMA: 1653622393959.00, PMDN: 1369327572783.00
DEBUG - 2025-12-05 00:03:33 --> Added to Year 2022 Q3: 3022949966742 (Total now: 3022949966742)
DEBUG - 2025-12-05 00:03:33 --> Processing upload ID: 29, Status: completed, Year: 2025, Quarter: Q3
DEBUG - 2025-12-05 00:03:33 --> Initialized year: 2025
DEBUG - 2025-12-05 00:03:33 --> Upload ID 29 (Year: 2025, Q3) - PMA: 1653622393959.00, PMDN: 1369327572783.00
DEBUG - 2025-12-05 00:03:33 --> Added to Year 2025 Q3: 3022949966742 (Total now: 3022949966742)
DEBUG - 2025-12-05 00:03:33 --> Processing upload ID: 28, Status: completed, Year: 2025, Quarter: Q1
DEBUG - 2025-12-05 00:03:33 --> Upload ID 28 (Year: 2025, Q1) - PMA: 1653622393959.00, PMDN: 1817276331954.00
DEBUG - 2025-12-05 00:03:33 --> Added to Year 2025 Q1: 3470898725913 (Total now: 3470898725913)
DEBUG - 2025-12-05 00:03:33 --> Yearly quarterly data before conversion: {"2024":{"Q1":3022949966742,"Q2":0,"Q3":0,"Q4":0},"2022":{"Q1":0,"Q2":0,"Q3":3022949966742,"Q4":0},"2025":{"Q1":3470898725913,"Q2":0,"Q3":3022949966742,"Q4":0}}
DEBUG - 2025-12-05 00:03:33 --> prepareQuarterlyAdditionalInvestmentChartDataAllYears - Final result: {"2024":{"labels":["Q1","Q2","Q3","Q4"],"values":[3022949966742,0,0,0]},"2022":{"labels":["Q1","Q2","Q3","Q4"],"values":[0,0,3022949966742,0]},"2025":{"labels":["Q1","Q2","Q3","Q4"],"values":[3470898725913,0,3022949966742,0]}}
INFO - 2025-12-05 00:03:35 --> Session: Class initialized using 'CodeIgniter\Session\Handlers\FileHandler' driver.
DEBUG - 2025-12-05 00:03:35 --> prepareQuarterlyAdditionalInvestmentChartData - Total uploads: 4
DEBUG - 2025-12-05 00:03:35 --> prepareQuarterlyAdditionalInvestmentChartData - Selected year: all
DEBUG - 2025-12-05 00:03:35 --> Processing upload ID: 33, Status: completed, Year: 2024, Quarter: Q1
DEBUG - 2025-12-05 00:03:35 --> Upload ID 33 - PMA: 1653622393959.00, PMDN: 1369327572783.00
DEBUG - 2025-12-05 00:03:35 --> Added to Q1: 3022949966742 (Total now: 3022949966742)
DEBUG - 2025-12-05 00:03:35 --> Processing upload ID: 32, Status: completed, Year: 2022, Quarter: Q3
DEBUG - 2025-12-05 00:03:35 --> Upload ID 32 - PMA: 1653622393959.00, PMDN: 1369327572783.00
DEBUG - 2025-12-05 00:03:35 --> Added to Q3: 3022949966742 (Total now: 3022949966742)
DEBUG - 2025-12-05 00:03:35 --> Processing upload ID: 29, Status: completed, Year: 2025, Quarter: Q3
DEBUG - 2025-12-05 00:03:35 --> Upload ID 29 - PMA: 1653622393959.00, PMDN: 1369327572783.00
DEBUG - 2025-12-05 00:03:35 --> Added to Q3: 3022949966742 (Total now: 6045899933484)
DEBUG - 2025-12-05 00:03:35 --> Processing upload ID: 28, Status: completed, Year: 2025, Quarter: Q1
DEBUG - 2025-12-05 00:03:35 --> Upload ID 28 - PMA: 1653622393959.00, PMDN: 1817276331954.00
DEBUG - 2025-12-05 00:03:35 --> Added to Q1: 3470898725913 (Total now: 6493848692655)
DEBUG - 2025-12-05 00:03:35 --> Final quarterly data before conversion: {"Q1":6493848692655,"Q2":0,"Q3":6045899933484,"Q4":0}
DEBUG - 2025-12-05 00:03:35 --> prepareQuarterlyAdditionalInvestmentChartData - Final result: {"labels":["Q1","Q2","Q3","Q4"],"values":[6493848692655,0,6045899933484,0],"year":"Semua Tahun"}
DEBUG - 2025-12-05 00:03:35 --> prepareQuarterlyAdditionalInvestmentChartDataAllYears - Total uploads: 4
DEBUG - 2025-12-05 00:03:35 --> Processing upload ID: 33, Status: completed, Year: 2024, Quarter: Q1
DEBUG - 2025-12-05 00:03:35 --> Initialized year: 2024
DEBUG - 2025-12-05 00:03:35 --> Upload ID 33 (Year: 2024, Q1) - PMA: 1653622393959.00, PMDN: 1369327572783.00
DEBUG - 2025-12-05 00:03:35 --> Added to Year 2024 Q1: 3022949966742 (Total now: 3022949966742)
DEBUG - 2025-12-05 00:03:35 --> Processing upload ID: 32, Status: completed, Year: 2022, Quarter: Q3
DEBUG - 2025-12-05 00:03:35 --> Initialized year: 2022
DEBUG - 2025-12-05 00:03:35 --> Upload ID 32 (Year: 2022, Q3) - PMA: 1653622393959.00, PMDN: 1369327572783.00
DEBUG - 2025-12-05 00:03:35 --> Added to Year 2022 Q3: 3022949966742 (Total now: 3022949966742)
DEBUG - 2025-12-05 00:03:35 --> Processing upload ID: 29, Status: completed, Year: 2025, Quarter: Q3
DEBUG - 2025-12-05 00:03:35 --> Initialized year: 2025
DEBUG - 2025-12-05 00:03:35 --> Upload ID 29 (Year: 2025, Q3) - PMA: 1653622393959.00, PMDN: 1369327572783.00
DEBUG - 2025-12-05 00:03:35 --> Added to Year 2025 Q3: 3022949966742 (Total now: 3022949966742)
DEBUG - 2025-12-05 00:03:35 --> Processing upload ID: 28, Status: completed, Year: 2025, Quarter: Q1
DEBUG - 2025-12-05 00:03:35 --> Upload ID 28 (Year: 2025, Q1) - PMA: 1653622393959.00, PMDN: 1817276331954.00
DEBUG - 2025-12-05 00:03:35 --> Added to Year 2025 Q1: 3470898725913 (Total now: 3470898725913)
DEBUG - 2025-12-05 00:03:35 --> Yearly quarterly data before conversion: {"2024":{"Q1":3022949966742,"Q2":0,"Q3":0,"Q4":0},"2022":{"Q1":0,"Q2":0,"Q3":3022949966742,"Q4":0},"2025":{"Q1":3470898725913,"Q2":0,"Q3":3022949966742,"Q4":0}}
DEBUG - 2025-12-05 00:03:35 --> prepareQuarterlyAdditionalInvestmentChartDataAllYears - Final result: {"2024":{"labels":["Q1","Q2","Q3","Q4"],"values":[3022949966742,0,0,0]},"2022":{"labels":["Q1","Q2","Q3","Q4"],"values":[0,0,3022949966742,0]},"2025":{"labels":["Q1","Q2","Q3","Q4"],"values":[3470898725913,0,3022949966742,0]}}
INFO - 2025-12-05 00:15:10 --> Session: Class initialized using 'CodeIgniter\Session\Handlers\FileHandler' driver.
DEBUG - 2025-12-05 00:15:10 --> prepareQuarterlyAdditionalInvestmentChartData - Total uploads: 4
DEBUG - 2025-12-05 00:15:10 --> prepareQuarterlyAdditionalInvestmentChartData - Selected year: all
DEBUG - 2025-12-05 00:15:10 --> Processing upload ID: 33, Status: completed, Year: 2024, Quarter: Q1
DEBUG - 2025-12-05 00:15:10 --> Upload ID 33 - PMA: 1653622393959.00, PMDN: 1369327572783.00
DEBUG - 2025-12-05 00:15:10 --> Added to Q1: 3022949966742 (Total now: 3022949966742)
DEBUG - 2025-12-05 00:15:10 --> Processing upload ID: 32, Status: completed, Year: 2022, Quarter: Q3
DEBUG - 2025-12-05 00:15:10 --> Upload ID 32 - PMA: 1653622393959.00, PMDN: 1369327572783.00
DEBUG - 2025-12-05 00:15:10 --> Added to Q3: 3022949966742 (Total now: 3022949966742)
DEBUG - 2025-12-05 00:15:10 --> Processing upload ID: 29, Status: completed, Year: 2025, Quarter: Q3
DEBUG - 2025-12-05 00:15:10 --> Upload ID 29 - PMA: 1653622393959.00, PMDN: 1369327572783.00
DEBUG - 2025-12-05 00:15:10 --> Added to Q3: 3022949966742 (Total now: 6045899933484)
DEBUG - 2025-12-05 00:15:10 --> Processing upload ID: 28, Status: completed, Year: 2025, Quarter: Q1
DEBUG - 2025-12-05 00:15:10 --> Upload ID 28 - PMA: 1653622393959.00, PMDN: 1817276331954.00
DEBUG - 2025-12-05 00:15:10 --> Added to Q1: 3470898725913 (Total now: 6493848692655)
DEBUG - 2025-12-05 00:15:10 --> Final quarterly data before conversion: {"Q1":6493848692655,"Q2":0,"Q3":6045899933484,"Q4":0}
DEBUG - 2025-12-05 00:15:10 --> prepareQuarterlyAdditionalInvestmentChartData - Final result: {"labels":["Q1","Q2","Q3","Q4"],"values":[6493848692655,0,6045899933484,0],"year":"Semua Tahun"}
DEBUG - 2025-12-05 00:15:10 --> prepareQuarterlyAdditionalInvestmentChartDataAllYears - Total uploads: 4
DEBUG - 2025-12-05 00:15:10 --> Processing upload ID: 33, Status: completed, Year: 2024, Quarter: Q1
DEBUG - 2025-12-05 00:15:10 --> Initialized year: 2024
DEBUG - 2025-12-05 00:15:10 --> Upload ID 33 (Year: 2024, Q1) - PMA: 1653622393959.00, PMDN: 1369327572783.00
DEBUG - 2025-12-05 00:15:10 --> Added to Year 2024 Q1: 3022949966742 (Total now: 3022949966742)
DEBUG - 2025-12-05 00:15:10 --> Processing upload ID: 32, Status: completed, Year: 2022, Quarter: Q3
DEBUG - 2025-12-05 00:15:10 --> Initialized year: 2022
DEBUG - 2025-12-05 00:15:10 --> Upload ID 32 (Year: 2022, Q3) - PMA: 1653622393959.00, PMDN: 1369327572783.00
DEBUG - 2025-12-05 00:15:10 --> Added to Year 2022 Q3: 3022949966742 (Total now: 3022949966742)
DEBUG - 2025-12-05 00:15:10 --> Processing upload ID: 29, Status: completed, Year: 2025, Quarter: Q3
DEBUG - 2025-12-05 00:15:10 --> Initialized year: 2025
DEBUG - 2025-12-05 00:15:10 --> Upload ID 29 (Year: 2025, Q3) - PMA: 1653622393959.00, PMDN: 1369327572783.00
DEBUG - 2025-12-05 00:15:10 --> Added to Year 2025 Q3: 3022949966742 (Total now: 3022949966742)
DEBUG - 2025-12-05 00:15:10 --> Processing upload ID: 28, Status: completed, Year: 2025, Quarter: Q1
DEBUG - 2025-12-05 00:15:10 --> Upload ID 28 (Year: 2025, Q1) - PMA: 1653622393959.00, PMDN: 1817276331954.00
DEBUG - 2025-12-05 00:15:10 --> Added to Year 2025 Q1: 3470898725913 (Total now: 3470898725913)
DEBUG - 2025-12-05 00:15:10 --> Yearly quarterly data before conversion: {"2024":{"Q1":3022949966742,"Q2":0,"Q3":0,"Q4":0},"2022":{"Q1":0,"Q2":0,"Q3":3022949966742,"Q4":0},"2025":{"Q1":3470898725913,"Q2":0,"Q3":3022949966742,"Q4":0}}
DEBUG - 2025-12-05 00:15:10 --> prepareQuarterlyAdditionalInvestmentChartDataAllYears - Final result: {"2024":{"labels":["Q1","Q2","Q3","Q4"],"values":[3022949966742,0,0,0]},"2022":{"labels":["Q1","Q2","Q3","Q4"],"values":[0,0,3022949966742,0]},"2025":{"labels":["Q1","Q2","Q3","Q4"],"values":[3470898725913,0,3022949966742,0]}}
INFO - 2025-12-05 00:16:27 --> Session: Class initialized using 'CodeIgniter\Session\Handlers\FileHandler' driver.
DEBUG - 2025-12-05 00:16:27 --> prepareQuarterlyAdditionalInvestmentChartData - Total uploads: 4
DEBUG - 2025-12-05 00:16:27 --> prepareQuarterlyAdditionalInvestmentChartData - Selected year: all
DEBUG - 2025-12-05 00:16:27 --> Processing upload ID: 33, Status: completed, Year: 2024, Quarter: Q1
DEBUG - 2025-12-05 00:16:27 --> Upload ID 33 - PMA: 1653622393959.00, PMDN: 1369327572783.00
DEBUG - 2025-12-05 00:16:27 --> Added to Q1: 3022949966742 (Total now: 3022949966742)
DEBUG - 2025-12-05 00:16:27 --> Processing upload ID: 32, Status: completed, Year: 2022, Quarter: Q3
DEBUG - 2025-12-05 00:16:27 --> Upload ID 32 - PMA: 1653622393959.00, PMDN: 1369327572783.00
DEBUG - 2025-12-05 00:16:27 --> Added to Q3: 3022949966742 (Total now: 3022949966742)
DEBUG - 2025-12-05 00:16:27 --> Processing upload ID: 29, Status: completed, Year: 2025, Quarter: Q3
DEBUG - 2025-12-05 00:16:27 --> Upload ID 29 - PMA: 1653622393959.00, PMDN: 1369327572783.00
DEBUG - 2025-12-05 00:16:27 --> Added to Q3: 3022949966742 (Total now: 6045899933484)
DEBUG - 2025-12-05 00:16:27 --> Processing upload ID: 28, Status: completed, Year: 2025, Quarter: Q1
DEBUG - 2025-12-05 00:16:27 --> Upload ID 28 - PMA: 1653622393959.00, PMDN: 1817276331954.00
DEBUG - 2025-12-05 00:16:27 --> Added to Q1: 3470898725913 (Total now: 6493848692655)
DEBUG - 2025-12-05 00:16:27 --> Final quarterly data before conversion: {"Q1":6493848692655,"Q2":0,"Q3":6045899933484,"Q4":0}
DEBUG - 2025-12-05 00:16:27 --> prepareQuarterlyAdditionalInvestmentChartData - Final result: {"labels":["Q1","Q2","Q3","Q4"],"values":[6493848692655,0,6045899933484,0],"year":"Semua Tahun"}
DEBUG - 2025-12-05 00:16:27 --> prepareQuarterlyAdditionalInvestmentChartDataAllYears - Total uploads: 4
DEBUG - 2025-12-05 00:16:27 --> Processing upload ID: 33, Status: completed, Year: 2024, Quarter: Q1
DEBUG - 2025-12-05 00:16:27 --> Initialized year: 2024
DEBUG - 2025-12-05 00:16:27 --> Upload ID 33 (Year: 2024, Q1) - PMA: 1653622393959.00, PMDN: 1369327572783.00
DEBUG - 2025-12-05 00:16:27 --> Added to Year 2024 Q1: 3022949966742 (Total now: 3022949966742)
DEBUG - 2025-12-05 00:16:27 --> Processing upload ID: 32, Status: completed, Year: 2022, Quarter: Q3
DEBUG - 2025-12-05 00:16:27 --> Initialized year: 2022
DEBUG - 2025-12-05 00:16:27 --> Upload ID 32 (Year: 2022, Q3) - PMA: 1653622393959.00, PMDN: 1369327572783.00
DEBUG - 2025-12-05 00:16:27 --> Added to Year 2022 Q3: 3022949966742 (Total now: 3022949966742)
DEBUG - 2025-12-05 00:16:27 --> Processing upload ID: 29, Status: completed, Year: 2025, Quarter: Q3
DEBUG - 2025-12-05 00:16:27 --> Initialized year: 2025
DEBUG - 2025-12-05 00:16:27 --> Upload ID 29 (Year: 2025, Q3) - PMA: 1653622393959.00, PMDN: 1369327572783.00
DEBUG - 2025-12-05 00:16:27 --> Added to Year 2025 Q3: 3022949966742 (Total now: 3022949966742)
DEBUG - 2025-12-05 00:16:27 --> Processing upload ID: 28, Status: completed, Year: 2025, Quarter: Q1
DEBUG - 2025-12-05 00:16:27 --> Upload ID 28 (Year: 2025, Q1) - PMA: 1653622393959.00, PMDN: 1817276331954.00
DEBUG - 2025-12-05 00:16:27 --> Added to Year 2025 Q1: 3470898725913 (Total now: 3470898725913)
DEBUG - 2025-12-05 00:16:27 --> Yearly quarterly data before conversion: {"2024":{"Q1":3022949966742,"Q2":0,"Q3":0,"Q4":0},"2022":{"Q1":0,"Q2":0,"Q3":3022949966742,"Q4":0},"2025":{"Q1":3470898725913,"Q2":0,"Q3":3022949966742,"Q4":0}}
DEBUG - 2025-12-05 00:16:27 --> prepareQuarterlyAdditionalInvestmentChartDataAllYears - Final result: {"2024":{"labels":["Q1","Q2","Q3","Q4"],"values":[3022949966742,0,0,0]},"2022":{"labels":["Q1","Q2","Q3","Q4"],"values":[0,0,3022949966742,0]},"2025":{"labels":["Q1","Q2","Q3","Q4"],"values":[3470898725913,0,3022949966742,0]}}
INFO - 2025-12-05 00:16:49 --> Session: Class initialized using 'CodeIgniter\Session\Handlers\FileHandler' driver.
DEBUG - 2025-12-05 00:16:49 --> prepareQuarterlyAdditionalInvestmentChartData - Total uploads: 4
DEBUG - 2025-12-05 00:16:49 --> prepareQuarterlyAdditionalInvestmentChartData - Selected year: all
DEBUG - 2025-12-05 00:16:49 --> Processing upload ID: 33, Status: completed, Year: 2024, Quarter: Q1
DEBUG - 2025-12-05 00:16:49 --> Upload ID 33 - PMA: 1653622393959.00, PMDN: 1369327572783.00
DEBUG - 2025-12-05 00:16:49 --> Added to Q1: 3022949966742 (Total now: 3022949966742)
DEBUG - 2025-12-05 00:16:49 --> Processing upload ID: 32, Status: completed, Year: 2022, Quarter: Q3
DEBUG - 2025-12-05 00:16:49 --> Upload ID 32 - PMA: 1653622393959.00, PMDN: 1369327572783.00
DEBUG - 2025-12-05 00:16:49 --> Added to Q3: 3022949966742 (Total now: 3022949966742)
DEBUG - 2025-12-05 00:16:49 --> Processing upload ID: 29, Status: completed, Year: 2025, Quarter: Q3
DEBUG - 2025-12-05 00:16:49 --> Upload ID 29 - PMA: 1653622393959.00, PMDN: 1369327572783.00
DEBUG - 2025-12-05 00:16:49 --> Added to Q3: 3022949966742 (Total now: 6045899933484)
DEBUG - 2025-12-05 00:16:49 --> Processing upload ID: 28, Status: completed, Year: 2025, Quarter: Q1
DEBUG - 2025-12-05 00:16:49 --> Upload ID 28 - PMA: 1653622393959.00, PMDN: 1817276331954.00
DEBUG - 2025-12-05 00:16:49 --> Added to Q1: 3470898725913 (Total now: 6493848692655)
DEBUG - 2025-12-05 00:16:49 --> Final quarterly data before conversion: {"Q1":6493848692655,"Q2":0,"Q3":6045899933484,"Q4":0}
DEBUG - 2025-12-05 00:16:49 --> prepareQuarterlyAdditionalInvestmentChartData - Final result: {"labels":["Q1","Q2","Q3","Q4"],"values":[6493848692655,0,6045899933484,0],"year":"Semua Tahun"}
DEBUG - 2025-12-05 00:16:49 --> prepareQuarterlyAdditionalInvestmentChartDataAllYears - Total uploads: 4
DEBUG - 2025-12-05 00:16:49 --> Processing upload ID: 33, Status: completed, Year: 2024, Quarter: Q1
DEBUG - 2025-12-05 00:16:49 --> Initialized year: 2024
DEBUG - 2025-12-05 00:16:49 --> Upload ID 33 (Year: 2024, Q1) - PMA: 1653622393959.00, PMDN: 1369327572783.00
DEBUG - 2025-12-05 00:16:49 --> Added to Year 2024 Q1: 3022949966742 (Total now: 3022949966742)
DEBUG - 2025-12-05 00:16:49 --> Processing upload ID: 32, Status: completed, Year: 2022, Quarter: Q3
DEBUG - 2025-12-05 00:16:49 --> Initialized year: 2022
DEBUG - 2025-12-05 00:16:49 --> Upload ID 32 (Year: 2022, Q3) - PMA: 1653622393959.00, PMDN: 1369327572783.00
DEBUG - 2025-12-05 00:16:49 --> Added to Year 2022 Q3: 3022949966742 (Total now: 3022949966742)
DEBUG - 2025-12-05 00:16:49 --> Processing upload ID: 29, Status: completed, Year: 2025, Quarter: Q3
DEBUG - 2025-12-05 00:16:49 --> Initialized year: 2025
DEBUG - 2025-12-05 00:16:49 --> Upload ID 29 (Year: 2025, Q3) - PMA: 1653622393959.00, PMDN: 1369327572783.00
DEBUG - 2025-12-05 00:16:49 --> Added to Year 2025 Q3: 3022949966742 (Total now: 3022949966742)
DEBUG - 2025-12-05 00:16:49 --> Processing upload ID: 28, Status: completed, Year: 2025, Quarter: Q1
DEBUG - 2025-12-05 00:16:49 --> Upload ID 28 (Year: 2025, Q1) - PMA: 1653622393959.00, PMDN: 1817276331954.00
DEBUG - 2025-12-05 00:16:49 --> Added to Year 2025 Q1: 3470898725913 (Total now: 3470898725913)
DEBUG - 2025-12-05 00:16:49 --> Yearly quarterly data before conversion: {"2024":{"Q1":3022949966742,"Q2":0,"Q3":0,"Q4":0},"2022":{"Q1":0,"Q2":0,"Q3":3022949966742,"Q4":0},"2025":{"Q1":3470898725913,"Q2":0,"Q3":3022949966742,"Q4":0}}
DEBUG - 2025-12-05 00:16:49 --> prepareQuarterlyAdditionalInvestmentChartDataAllYears - Final result: {"2024":{"labels":["Q1","Q2","Q3","Q4"],"values":[3022949966742,0,0,0]},"2022":{"labels":["Q1","Q2","Q3","Q4"],"values":[0,0,3022949966742,0]},"2025":{"labels":["Q1","Q2","Q3","Q4"],"values":[3470898725913,0,3022949966742,0]}}
INFO - 2025-12-05 00:20:57 --> Session: Class initialized using 'CodeIgniter\Session\Handlers\FileHandler' driver.
DEBUG - 2025-12-05 00:20:58 --> prepareQuarterlyAdditionalInvestmentChartData - Total uploads: 4
DEBUG - 2025-12-05 00:20:58 --> prepareQuarterlyAdditionalInvestmentChartData - Selected year: all
DEBUG - 2025-12-05 00:20:58 --> Processing upload ID: 33, Status: completed, Year: 2024, Quarter: Q1
DEBUG - 2025-12-05 00:20:58 --> Upload ID 33 - PMA: 1653622393959.00, PMDN: 1369327572783.00
DEBUG - 2025-12-05 00:20:58 --> Added to Q1: 3022949966742 (Total now: 3022949966742)
DEBUG - 2025-12-05 00:20:58 --> Processing upload ID: 32, Status: completed, Year: 2022, Quarter: Q3
DEBUG - 2025-12-05 00:20:58 --> Upload ID 32 - PMA: 1653622393959.00, PMDN: 1369327572783.00
DEBUG - 2025-12-05 00:20:58 --> Added to Q3: 3022949966742 (Total now: 3022949966742)
DEBUG - 2025-12-05 00:20:58 --> Processing upload ID: 29, Status: completed, Year: 2025, Quarter: Q3
DEBUG - 2025-12-05 00:20:58 --> Upload ID 29 - PMA: 1653622393959.00, PMDN: 1369327572783.00
DEBUG - 2025-12-05 00:20:58 --> Added to Q3: 3022949966742 (Total now: 6045899933484)
DEBUG - 2025-12-05 00:20:58 --> Processing upload ID: 28, Status: completed, Year: 2025, Quarter: Q1
DEBUG - 2025-12-05 00:20:58 --> Upload ID 28 - PMA: 1653622393959.00, PMDN: 1817276331954.00
DEBUG - 2025-12-05 00:20:58 --> Added to Q1: 3470898725913 (Total now: 6493848692655)
DEBUG - 2025-12-05 00:20:58 --> Final quarterly data before conversion: {"Q1":6493848692655,"Q2":0,"Q3":6045899933484,"Q4":0}
DEBUG - 2025-12-05 00:20:58 --> prepareQuarterlyAdditionalInvestmentChartData - Final result: {"labels":["Q1","Q2","Q3","Q4"],"values":[6493848692655,0,6045899933484,0],"year":"Semua Tahun"}
DEBUG - 2025-12-05 00:20:58 --> prepareQuarterlyAdditionalInvestmentChartDataAllYears - Total uploads: 4
DEBUG - 2025-12-05 00:20:58 --> Processing upload ID: 33, Status: completed, Year: 2024, Quarter: Q1
DEBUG - 2025-12-05 00:20:58 --> Initialized year: 2024
DEBUG - 2025-12-05 00:20:58 --> Upload ID 33 (Year: 2024, Q1) - PMA: 1653622393959.00, PMDN: 1369327572783.00
DEBUG - 2025-12-05 00:20:58 --> Added to Year 2024 Q1: 3022949966742 (Total now: 3022949966742)
DEBUG - 2025-12-05 00:20:58 --> Processing upload ID: 32, Status: completed, Year: 2022, Quarter: Q3
DEBUG - 2025-12-05 00:20:58 --> Initialized year: 2022
DEBUG - 2025-12-05 00:20:58 --> Upload ID 32 (Year: 2022, Q3) - PMA: 1653622393959.00, PMDN: 1369327572783.00
DEBUG - 2025-12-05 00:20:58 --> Added to Year 2022 Q3: 3022949966742 (Total now: 3022949966742)
DEBUG - 2025-12-05 00:20:58 --> Processing upload ID: 29, Status: completed, Year: 2025, Quarter: Q3
DEBUG - 2025-12-05 00:20:58 --> Initialized year: 2025
DEBUG - 2025-12-05 00:20:58 --> Upload ID 29 (Year: 2025, Q3) - PMA: 1653622393959.00, PMDN: 1369327572783.00
DEBUG - 2025-12-05 00:20:58 --> Added to Year 2025 Q3: 3022949966742 (Total now: 3022949966742)
DEBUG - 2025-12-05 00:20:58 --> Processing upload ID: 28, Status: completed, Year: 2025, Quarter: Q1
DEBUG - 2025-12-05 00:20:58 --> Upload ID 28 (Year: 2025, Q1) - PMA: 1653622393959.00, PMDN: 1817276331954.00
DEBUG - 2025-12-05 00:20:58 --> Added to Year 2025 Q1: 3470898725913 (Total now: 3470898725913)
DEBUG - 2025-12-05 00:20:58 --> Yearly quarterly data before conversion: {"2024":{"Q1":3022949966742,"Q2":0,"Q3":0,"Q4":0},"2022":{"Q1":0,"Q2":0,"Q3":3022949966742,"Q4":0},"2025":{"Q1":3470898725913,"Q2":0,"Q3":3022949966742,"Q4":0}}
DEBUG - 2025-12-05 00:20:58 --> prepareQuarterlyAdditionalInvestmentChartDataAllYears - Final result: {"2024":{"labels":["Q1","Q2","Q3","Q4"],"values":[3022949966742,0,0,0]},"2022":{"labels":["Q1","Q2","Q3","Q4"],"values":[0,0,3022949966742,0]},"2025":{"labels":["Q1","Q2","Q3","Q4"],"values":[3470898725913,0,3022949966742,0]}}
INFO - 2025-12-05 00:21:29 --> Session: Class initialized using 'CodeIgniter\Session\Handlers\FileHandler' driver.
DEBUG - 2025-12-05 00:21:29 --> prepareQuarterlyAdditionalInvestmentChartData - Total uploads: 4
DEBUG - 2025-12-05 00:21:29 --> prepareQuarterlyAdditionalInvestmentChartData - Selected year: all
DEBUG - 2025-12-05 00:21:29 --> Processing upload ID: 33, Status: completed, Year: 2024, Quarter: Q1
DEBUG - 2025-12-05 00:21:29 --> Upload ID 33 - PMA: 1653622393959.00, PMDN: 1369327572783.00
DEBUG - 2025-12-05 00:21:29 --> Added to Q1: 3022949966742 (Total now: 3022949966742)
DEBUG - 2025-12-05 00:21:29 --> Processing upload ID: 32, Status: completed, Year: 2022, Quarter: Q3
DEBUG - 2025-12-05 00:21:29 --> Upload ID 32 - PMA: 1653622393959.00, PMDN: 1369327572783.00
DEBUG - 2025-12-05 00:21:29 --> Added to Q3: 3022949966742 (Total now: 3022949966742)
DEBUG - 2025-12-05 00:21:29 --> Processing upload ID: 29, Status: completed, Year: 2025, Quarter: Q3
DEBUG - 2025-12-05 00:21:29 --> Upload ID 29 - PMA: 1653622393959.00, PMDN: 1369327572783.00
DEBUG - 2025-12-05 00:21:29 --> Added to Q3: 3022949966742 (Total now: 6045899933484)
DEBUG - 2025-12-05 00:21:29 --> Processing upload ID: 28, Status: completed, Year: 2025, Quarter: Q1
DEBUG - 2025-12-05 00:21:29 --> Upload ID 28 - PMA: 1653622393959.00, PMDN: 1817276331954.00
DEBUG - 2025-12-05 00:21:29 --> Added to Q1: 3470898725913 (Total now: 6493848692655)
DEBUG - 2025-12-05 00:21:29 --> Final quarterly data before conversion: {"Q1":6493848692655,"Q2":0,"Q3":6045899933484,"Q4":0}
DEBUG - 2025-12-05 00:21:29 --> prepareQuarterlyAdditionalInvestmentChartData - Final result: {"labels":["Q1","Q2","Q3","Q4"],"values":[6493848692655,0,6045899933484,0],"year":"Semua Tahun"}
DEBUG - 2025-12-05 00:21:29 --> prepareQuarterlyAdditionalInvestmentChartDataAllYears - Total uploads: 4
DEBUG - 2025-12-05 00:21:29 --> Processing upload ID: 33, Status: completed, Year: 2024, Quarter: Q1
DEBUG - 2025-12-05 00:21:29 --> Initialized year: 2024
DEBUG - 2025-12-05 00:21:29 --> Upload ID 33 (Year: 2024, Q1) - PMA: 1653622393959.00, PMDN: 1369327572783.00
DEBUG - 2025-12-05 00:21:29 --> Added to Year 2024 Q1: 3022949966742 (Total now: 3022949966742)
DEBUG - 2025-12-05 00:21:29 --> Processing upload ID: 32, Status: completed, Year: 2022, Quarter: Q3
DEBUG - 2025-12-05 00:21:29 --> Initialized year: 2022
DEBUG - 2025-12-05 00:21:29 --> Upload ID 32 (Year: 2022, Q3) - PMA: 1653622393959.00, PMDN: 1369327572783.00
DEBUG - 2025-12-05 00:21:29 --> Added to Year 2022 Q3: 3022949966742 (Total now: 3022949966742)
DEBUG - 2025-12-05 00:21:29 --> Processing upload ID: 29, Status: completed, Year: 2025, Quarter: Q3
DEBUG - 2025-12-05 00:21:29 --> Initialized year: 2025
DEBUG - 2025-12-05 00:21:29 --> Upload ID 29 (Year: 2025, Q3) - PMA: 1653622393959.00, PMDN: 1369327572783.00
DEBUG - 2025-12-05 00:21:29 --> Added to Year 2025 Q3: 3022949966742 (Total now: 3022949966742)
DEBUG - 2025-12-05 00:21:29 --> Processing upload ID: 28, Status: completed, Year: 2025, Quarter: Q1
DEBUG - 2025-12-05 00:21:29 --> Upload ID 28 (Year: 2025, Q1) - PMA: 1653622393959.00, PMDN: 1817276331954.00
DEBUG - 2025-12-05 00:21:29 --> Added to Year 2025 Q1: 3470898725913 (Total now: 3470898725913)
DEBUG - 2025-12-05 00:21:29 --> Yearly quarterly data before conversion: {"2024":{"Q1":3022949966742,"Q2":0,"Q3":0,"Q4":0},"2022":{"Q1":0,"Q2":0,"Q3":3022949966742,"Q4":0},"2025":{"Q1":3470898725913,"Q2":0,"Q3":3022949966742,"Q4":0}}
DEBUG - 2025-12-05 00:21:29 --> prepareQuarterlyAdditionalInvestmentChartDataAllYears - Final result: {"2024":{"labels":["Q1","Q2","Q3","Q4"],"values":[3022949966742,0,0,0]},"2022":{"labels":["Q1","Q2","Q3","Q4"],"values":[0,0,3022949966742,0]},"2025":{"labels":["Q1","Q2","Q3","Q4"],"values":[3470898725913,0,3022949966742,0]}}
INFO - 2025-12-05 00:21:45 --> Session: Class initialized using 'CodeIgniter\Session\Handlers\FileHandler' driver.
DEBUG - 2025-12-05 00:21:45 --> prepareQuarterlyAdditionalInvestmentChartData - Total uploads: 4
DEBUG - 2025-12-05 00:21:45 --> prepareQuarterlyAdditionalInvestmentChartData - Selected year: all
DEBUG - 2025-12-05 00:21:45 --> Processing upload ID: 33, Status: completed, Year: 2024, Quarter: Q1
DEBUG - 2025-12-05 00:21:45 --> Upload ID 33 - PMA: 1653622393959.00, PMDN: 1369327572783.00
DEBUG - 2025-12-05 00:21:45 --> Added to Q1: 3022949966742 (Total now: 3022949966742)
DEBUG - 2025-12-05 00:21:45 --> Processing upload ID: 32, Status: completed, Year: 2022, Quarter: Q3
DEBUG - 2025-12-05 00:21:45 --> Upload ID 32 - PMA: 1653622393959.00, PMDN: 1369327572783.00
DEBUG - 2025-12-05 00:21:45 --> Added to Q3: 3022949966742 (Total now: 3022949966742)
DEBUG - 2025-12-05 00:21:45 --> Processing upload ID: 29, Status: completed, Year: 2025, Quarter: Q3
DEBUG - 2025-12-05 00:21:45 --> Upload ID 29 - PMA: 1653622393959.00, PMDN: 1369327572783.00
DEBUG - 2025-12-05 00:21:45 --> Added to Q3: 3022949966742 (Total now: 6045899933484)
DEBUG - 2025-12-05 00:21:45 --> Processing upload ID: 28, Status: completed, Year: 2025, Quarter: Q1
DEBUG - 2025-12-05 00:21:45 --> Upload ID 28 - PMA: 1653622393959.00, PMDN: 1817276331954.00
DEBUG - 2025-12-05 00:21:45 --> Added to Q1: 3470898725913 (Total now: 6493848692655)
DEBUG - 2025-12-05 00:21:45 --> Final quarterly data before conversion: {"Q1":6493848692655,"Q2":0,"Q3":6045899933484,"Q4":0}
DEBUG - 2025-12-05 00:21:45 --> prepareQuarterlyAdditionalInvestmentChartData - Final result: {"labels":["Q1","Q2","Q3","Q4"],"values":[6493848692655,0,6045899933484,0],"year":"Semua Tahun"}
DEBUG - 2025-12-05 00:21:45 --> prepareQuarterlyAdditionalInvestmentChartDataAllYears - Total uploads: 4
DEBUG - 2025-12-05 00:21:45 --> Processing upload ID: 33, Status: completed, Year: 2024, Quarter: Q1
DEBUG - 2025-12-05 00:21:45 --> Initialized year: 2024
DEBUG - 2025-12-05 00:21:45 --> Upload ID 33 (Year: 2024, Q1) - PMA: 1653622393959.00, PMDN: 1369327572783.00
DEBUG - 2025-12-05 00:21:45 --> Added to Year 2024 Q1: 3022949966742 (Total now: 3022949966742)
DEBUG - 2025-12-05 00:21:45 --> Processing upload ID: 32, Status: completed, Year: 2022, Quarter: Q3
DEBUG - 2025-12-05 00:21:45 --> Initialized year: 2022
DEBUG - 2025-12-05 00:21:45 --> Upload ID 32 (Year: 2022, Q3) - PMA: 1653622393959.00, PMDN: 1369327572783.00
DEBUG - 2025-12-05 00:21:45 --> Added to Year 2022 Q3: 3022949966742 (Total now: 3022949966742)
DEBUG - 2025-12-05 00:21:45 --> Processing upload ID: 29, Status: completed, Year: 2025, Quarter: Q3
DEBUG - 2025-12-05 00:21:45 --> Initialized year: 2025
DEBUG - 2025-12-05 00:21:45 --> Upload ID 29 (Year: 2025, Q3) - PMA: 1653622393959.00, PMDN: 1369327572783.00
DEBUG - 2025-12-05 00:21:45 --> Added to Year 2025 Q3: 3022949966742 (Total now: 3022949966742)
DEBUG - 2025-12-05 00:21:45 --> Processing upload ID: 28, Status: completed, Year: 2025, Quarter: Q1
DEBUG - 2025-12-05 00:21:45 --> Upload ID 28 (Year: 2025, Q1) - PMA: 1653622393959.00, PMDN: 1817276331954.00
DEBUG - 2025-12-05 00:21:45 --> Added to Year 2025 Q1: 3470898725913 (Total now: 3470898725913)
DEBUG - 2025-12-05 00:21:45 --> Yearly quarterly data before conversion: {"2024":{"Q1":3022949966742,"Q2":0,"Q3":0,"Q4":0},"2022":{"Q1":0,"Q2":0,"Q3":3022949966742,"Q4":0},"2025":{"Q1":3470898725913,"Q2":0,"Q3":3022949966742,"Q4":0}}
DEBUG - 2025-12-05 00:21:45 --> prepareQuarterlyAdditionalInvestmentChartDataAllYears - Final result: {"2024":{"labels":["Q1","Q2","Q3","Q4"],"values":[3022949966742,0,0,0]},"2022":{"labels":["Q1","Q2","Q3","Q4"],"values":[0,0,3022949966742,0]},"2025":{"labels":["Q1","Q2","Q3","Q4"],"values":[3470898725913,0,3022949966742,0]}}
INFO - 2025-12-05 00:28:55 --> Session: Class initialized using 'CodeIgniter\Session\Handlers\FileHandler' driver.
DEBUG - 2025-12-05 00:28:55 --> prepareQuarterlyAdditionalInvestmentChartData - Total uploads: 4
DEBUG - 2025-12-05 00:28:55 --> prepareQuarterlyAdditionalInvestmentChartData - Selected year: all
DEBUG - 2025-12-05 00:28:55 --> Processing upload ID: 33, Status: completed, Year: 2024, Quarter: Q1
DEBUG - 2025-12-05 00:28:55 --> Upload ID 33 - PMA: 1653622393959.00, PMDN: 1369327572783.00
DEBUG - 2025-12-05 00:28:55 --> Added to Q1: 3022949966742 (Total now: 3022949966742)
DEBUG - 2025-12-05 00:28:55 --> Processing upload ID: 32, Status: completed, Year: 2022, Quarter: Q3
DEBUG - 2025-12-05 00:28:55 --> Upload ID 32 - PMA: 1653622393959.00, PMDN: 1369327572783.00
DEBUG - 2025-12-05 00:28:55 --> Added to Q3: 3022949966742 (Total now: 3022949966742)
DEBUG - 2025-12-05 00:28:55 --> Processing upload ID: 29, Status: completed, Year: 2025, Quarter: Q3
DEBUG - 2025-12-05 00:28:55 --> Upload ID 29 - PMA: 1653622393959.00, PMDN: 1369327572783.00
DEBUG - 2025-12-05 00:28:55 --> Added to Q3: 3022949966742 (Total now: 6045899933484)
DEBUG - 2025-12-05 00:28:55 --> Processing upload ID: 28, Status: completed, Year: 2025, Quarter: Q1
DEBUG - 2025-12-05 00:28:55 --> Upload ID 28 - PMA: 1653622393959.00, PMDN: 1817276331954.00
DEBUG - 2025-12-05 00:28:55 --> Added to Q1: 3470898725913 (Total now: 6493848692655)
DEBUG - 2025-12-05 00:28:55 --> Final quarterly data before conversion: {"Q1":6493848692655,"Q2":0,"Q3":6045899933484,"Q4":0}
DEBUG - 2025-12-05 00:28:55 --> prepareQuarterlyAdditionalInvestmentChartData - Final result: {"labels":["Q1","Q2","Q3","Q4"],"values":[6493848692655,0,6045899933484,0],"year":"Semua Tahun"}
DEBUG - 2025-12-05 00:28:55 --> prepareQuarterlyAdditionalInvestmentChartDataAllYears - Total uploads: 4
DEBUG - 2025-12-05 00:28:55 --> Processing upload ID: 33, Status: completed, Year: 2024, Quarter: Q1
DEBUG - 2025-12-05 00:28:55 --> Initialized year: 2024
DEBUG - 2025-12-05 00:28:55 --> Upload ID 33 (Year: 2024, Q1) - PMA: 1653622393959.00, PMDN: 1369327572783.00
DEBUG - 2025-12-05 00:28:55 --> Added to Year 2024 Q1: 3022949966742 (Total now: 3022949966742)
DEBUG - 2025-12-05 00:28:55 --> Processing upload ID: 32, Status: completed, Year: 2022, Quarter: Q3
DEBUG - 2025-12-05 00:28:55 --> Initialized year: 2022
DEBUG - 2025-12-05 00:28:55 --> Upload ID 32 (Year: 2022, Q3) - PMA: 1653622393959.00, PMDN: 1369327572783.00
DEBUG - 2025-12-05 00:28:55 --> Added to Year 2022 Q3: 3022949966742 (Total now: 3022949966742)
DEBUG - 2025-12-05 00:28:55 --> Processing upload ID: 29, Status: completed, Year: 2025, Quarter: Q3
DEBUG - 2025-12-05 00:28:55 --> Initialized year: 2025
DEBUG - 2025-12-05 00:28:55 --> Upload ID 29 (Year: 2025, Q3) - PMA: 1653622393959.00, PMDN: 1369327572783.00
DEBUG - 2025-12-05 00:28:55 --> Added to Year 2025 Q3: 3022949966742 (Total now: 3022949966742)
DEBUG - 2025-12-05 00:28:55 --> Processing upload ID: 28, Status: completed, Year: 2025, Quarter: Q1
DEBUG - 2025-12-05 00:28:55 --> Upload ID 28 (Year: 2025, Q1) - PMA: 1653622393959.00, PMDN: 1817276331954.00
DEBUG - 2025-12-05 00:28:55 --> Added to Year 2025 Q1: 3470898725913 (Total now: 3470898725913)
DEBUG - 2025-12-05 00:28:55 --> Yearly quarterly data before conversion: {"2024":{"Q1":3022949966742,"Q2":0,"Q3":0,"Q4":0},"2022":{"Q1":0,"Q2":0,"Q3":3022949966742,"Q4":0},"2025":{"Q1":3470898725913,"Q2":0,"Q3":3022949966742,"Q4":0}}
DEBUG - 2025-12-05 00:28:55 --> prepareQuarterlyAdditionalInvestmentChartDataAllYears - Final result: {"2024":{"labels":["Q1","Q2","Q3","Q4"],"values":[3022949966742,0,0,0]},"2022":{"labels":["Q1","Q2","Q3","Q4"],"values":[0,0,3022949966742,0]},"2025":{"labels":["Q1","Q2","Q3","Q4"],"values":[3470898725913,0,3022949966742,0]}}
INFO - 2025-12-05 00:29:33 --> Session: Class initialized using 'CodeIgniter\Session\Handlers\FileHandler' driver.
DEBUG - 2025-12-05 00:29:34 --> prepareQuarterlyAdditionalInvestmentChartData - Total uploads: 4
DEBUG - 2025-12-05 00:29:34 --> prepareQuarterlyAdditionalInvestmentChartData - Selected year: all
DEBUG - 2025-12-05 00:29:34 --> Processing upload ID: 33, Status: completed, Year: 2024, Quarter: Q1
DEBUG - 2025-12-05 00:29:34 --> Upload ID 33 - PMA: 1653622393959.00, PMDN: 1369327572783.00
DEBUG - 2025-12-05 00:29:34 --> Added to Q1: 3022949966742 (Total now: 3022949966742)
DEBUG - 2025-12-05 00:29:34 --> Processing upload ID: 32, Status: completed, Year: 2022, Quarter: Q3
DEBUG - 2025-12-05 00:29:34 --> Upload ID 32 - PMA: 1653622393959.00, PMDN: 1369327572783.00
DEBUG - 2025-12-05 00:29:34 --> Added to Q3: 3022949966742 (Total now: 3022949966742)
DEBUG - 2025-12-05 00:29:34 --> Processing upload ID: 29, Status: completed, Year: 2025, Quarter: Q3
DEBUG - 2025-12-05 00:29:34 --> Upload ID 29 - PMA: 1653622393959.00, PMDN: 1369327572783.00
DEBUG - 2025-12-05 00:29:34 --> Added to Q3: 3022949966742 (Total now: 6045899933484)
DEBUG - 2025-12-05 00:29:34 --> Processing upload ID: 28, Status: completed, Year: 2025, Quarter: Q1
DEBUG - 2025-12-05 00:29:34 --> Upload ID 28 - PMA: 1653622393959.00, PMDN: 1817276331954.00
DEBUG - 2025-12-05 00:29:34 --> Added to Q1: 3470898725913 (Total now: 6493848692655)
DEBUG - 2025-12-05 00:29:34 --> Final quarterly data before conversion: {"Q1":6493848692655,"Q2":0,"Q3":6045899933484,"Q4":0}
DEBUG - 2025-12-05 00:29:34 --> prepareQuarterlyAdditionalInvestmentChartData - Final result: {"labels":["Q1","Q2","Q3","Q4"],"values":[6493848692655,0,6045899933484,0],"year":"Semua Tahun"}
DEBUG - 2025-12-05 00:29:34 --> prepareQuarterlyAdditionalInvestmentChartDataAllYears - Total uploads: 4
DEBUG - 2025-12-05 00:29:34 --> Processing upload ID: 33, Status: completed, Year: 2024, Quarter: Q1
DEBUG - 2025-12-05 00:29:34 --> Initialized year: 2024
DEBUG - 2025-12-05 00:29:34 --> Upload ID 33 (Year: 2024, Q1) - PMA: 1653622393959.00, PMDN: 1369327572783.00
DEBUG - 2025-12-05 00:29:34 --> Added to Year 2024 Q1: 3022949966742 (Total now: 3022949966742)
DEBUG - 2025-12-05 00:29:34 --> Processing upload ID: 32, Status: completed, Year: 2022, Quarter: Q3
DEBUG - 2025-12-05 00:29:34 --> Initialized year: 2022
DEBUG - 2025-12-05 00:29:34 --> Upload ID 32 (Year: 2022, Q3) - PMA: 1653622393959.00, PMDN: 1369327572783.00
DEBUG - 2025-12-05 00:29:34 --> Added to Year 2022 Q3: 3022949966742 (Total now: 3022949966742)
DEBUG - 2025-12-05 00:29:34 --> Processing upload ID: 29, Status: completed, Year: 2025, Quarter: Q3
DEBUG - 2025-12-05 00:29:34 --> Initialized year: 2025
DEBUG - 2025-12-05 00:29:34 --> Upload ID 29 (Year: 2025, Q3) - PMA: 1653622393959.00, PMDN: 1369327572783.00
DEBUG - 2025-12-05 00:29:34 --> Added to Year 2025 Q3: 3022949966742 (Total now: 3022949966742)
DEBUG - 2025-12-05 00:29:34 --> Processing upload ID: 28, Status: completed, Year: 2025, Quarter: Q1
DEBUG - 2025-12-05 00:29:34 --> Upload ID 28 (Year: 2025, Q1) - PMA: 1653622393959.00, PMDN: 1817276331954.00
DEBUG - 2025-12-05 00:29:34 --> Added to Year 2025 Q1: 3470898725913 (Total now: 3470898725913)
DEBUG - 2025-12-05 00:29:34 --> Yearly quarterly data before conversion: {"2024":{"Q1":3022949966742,"Q2":0,"Q3":0,"Q4":0},"2022":{"Q1":0,"Q2":0,"Q3":3022949966742,"Q4":0},"2025":{"Q1":3470898725913,"Q2":0,"Q3":3022949966742,"Q4":0}}
DEBUG - 2025-12-05 00:29:34 --> prepareQuarterlyAdditionalInvestmentChartDataAllYears - Final result: {"2024":{"labels":["Q1","Q2","Q3","Q4"],"values":[3022949966742,0,0,0]},"2022":{"labels":["Q1","Q2","Q3","Q4"],"values":[0,0,3022949966742,0]},"2025":{"labels":["Q1","Q2","Q3","Q4"],"values":[3470898725913,0,3022949966742,0]}}
INFO - 2025-12-05 00:30:35 --> Session: Class initialized using 'CodeIgniter\Session\Handlers\FileHandler' driver.
DEBUG - 2025-12-05 00:30:35 --> prepareQuarterlyAdditionalInvestmentChartData - Total uploads: 4
DEBUG - 2025-12-05 00:30:35 --> prepareQuarterlyAdditionalInvestmentChartData - Selected year: all
DEBUG - 2025-12-05 00:30:35 --> Processing upload ID: 33, Status: completed, Year: 2024, Quarter: Q1
DEBUG - 2025-12-05 00:30:35 --> Upload ID 33 - PMA: 1653622393959.00, PMDN: 1369327572783.00
DEBUG - 2025-12-05 00:30:35 --> Added to Q1: 3022949966742 (Total now: 3022949966742)
DEBUG - 2025-12-05 00:30:35 --> Processing upload ID: 32, Status: completed, Year: 2022, Quarter: Q3
DEBUG - 2025-12-05 00:30:35 --> Upload ID 32 - PMA: 1653622393959.00, PMDN: 1369327572783.00
DEBUG - 2025-12-05 00:30:35 --> Added to Q3: 3022949966742 (Total now: 3022949966742)
DEBUG - 2025-12-05 00:30:35 --> Processing upload ID: 29, Status: completed, Year: 2025, Quarter: Q3
DEBUG - 2025-12-05 00:30:35 --> Upload ID 29 - PMA: 1653622393959.00, PMDN: 1369327572783.00
DEBUG - 2025-12-05 00:30:35 --> Added to Q3: 3022949966742 (Total now: 6045899933484)
DEBUG - 2025-12-05 00:30:35 --> Processing upload ID: 28, Status: completed, Year: 2025, Quarter: Q1
DEBUG - 2025-12-05 00:30:35 --> Upload ID 28 - PMA: 1653622393959.00, PMDN: 1817276331954.00
DEBUG - 2025-12-05 00:30:35 --> Added to Q1: 3470898725913 (Total now: 6493848692655)
DEBUG - 2025-12-05 00:30:35 --> Final quarterly data before conversion: {"Q1":6493848692655,"Q2":0,"Q3":6045899933484,"Q4":0}
DEBUG - 2025-12-05 00:30:35 --> prepareQuarterlyAdditionalInvestmentChartData - Final result: {"labels":["Q1","Q2","Q3","Q4"],"values":[6493848692655,0,6045899933484,0],"year":"Semua Tahun"}
DEBUG - 2025-12-05 00:30:35 --> prepareQuarterlyAdditionalInvestmentChartDataAllYears - Total uploads: 4
DEBUG - 2025-12-05 00:30:35 --> Processing upload ID: 33, Status: completed, Year: 2024, Quarter: Q1
DEBUG - 2025-12-05 00:30:35 --> Initialized year: 2024
DEBUG - 2025-12-05 00:30:35 --> Upload ID 33 (Year: 2024, Q1) - PMA: 1653622393959.00, PMDN: 1369327572783.00
DEBUG - 2025-12-05 00:30:35 --> Added to Year 2024 Q1: 3022949966742 (Total now: 3022949966742)
DEBUG - 2025-12-05 00:30:35 --> Processing upload ID: 32, Status: completed, Year: 2022, Quarter: Q3
DEBUG - 2025-12-05 00:30:35 --> Initialized year: 2022
DEBUG - 2025-12-05 00:30:35 --> Upload ID 32 (Year: 2022, Q3) - PMA: 1653622393959.00, PMDN: 1369327572783.00
DEBUG - 2025-12-05 00:30:35 --> Added to Year 2022 Q3: 3022949966742 (Total now: 3022949966742)
DEBUG - 2025-12-05 00:30:35 --> Processing upload ID: 29, Status: completed, Year: 2025, Quarter: Q3
DEBUG - 2025-12-05 00:30:35 --> Initialized year: 2025
DEBUG - 2025-12-05 00:30:35 --> Upload ID 29 (Year: 2025, Q3) - PMA: 1653622393959.00, PMDN: 1369327572783.00
DEBUG - 2025-12-05 00:30:35 --> Added to Year 2025 Q3: 3022949966742 (Total now: 3022949966742)
DEBUG - 2025-12-05 00:30:35 --> Processing upload ID: 28, Status: completed, Year: 2025, Quarter: Q1
DEBUG - 2025-12-05 00:30:35 --> Upload ID 28 (Year: 2025, Q1) - PMA: 1653622393959.00, PMDN: 1817276331954.00
DEBUG - 2025-12-05 00:30:35 --> Added to Year 2025 Q1: 3470898725913 (Total now: 3470898725913)
DEBUG - 2025-12-05 00:30:35 --> Yearly quarterly data before conversion: {"2024":{"Q1":3022949966742,"Q2":0,"Q3":0,"Q4":0},"2022":{"Q1":0,"Q2":0,"Q3":3022949966742,"Q4":0},"2025":{"Q1":3470898725913,"Q2":0,"Q3":3022949966742,"Q4":0}}
DEBUG - 2025-12-05 00:30:35 --> prepareQuarterlyAdditionalInvestmentChartDataAllYears - Final result: {"2024":{"labels":["Q1","Q2","Q3","Q4"],"values":[3022949966742,0,0,0]},"2022":{"labels":["Q1","Q2","Q3","Q4"],"values":[0,0,3022949966742,0]},"2025":{"labels":["Q1","Q2","Q3","Q4"],"values":[3470898725913,0,3022949966742,0]}}
INFO - 2025-12-05 00:41:40 --> Session: Class initialized using 'CodeIgniter\Session\Handlers\FileHandler' driver.
DEBUG - 2025-12-05 00:41:40 --> prepareQuarterlyAdditionalInvestmentChartData - Total uploads: 4
DEBUG - 2025-12-05 00:41:40 --> prepareQuarterlyAdditionalInvestmentChartData - Selected year: all
DEBUG - 2025-12-05 00:41:40 --> Processing upload ID: 33, Status: completed, Year: 2024, Quarter: Q1
DEBUG - 2025-12-05 00:41:40 --> Upload ID 33 - PMA: 1653622393959.00, PMDN: 1369327572783.00
DEBUG - 2025-12-05 00:41:40 --> Added to Q1: 3022949966742 (Total now: 3022949966742)
DEBUG - 2025-12-05 00:41:40 --> Processing upload ID: 32, Status: completed, Year: 2022, Quarter: Q3
DEBUG - 2025-12-05 00:41:40 --> Upload ID 32 - PMA: 1653622393959.00, PMDN: 1369327572783.00
DEBUG - 2025-12-05 00:41:40 --> Added to Q3: 3022949966742 (Total now: 3022949966742)
DEBUG - 2025-12-05 00:41:40 --> Processing upload ID: 29, Status: completed, Year: 2025, Quarter: Q3
DEBUG - 2025-12-05 00:41:40 --> Upload ID 29 - PMA: 1653622393959.00, PMDN: 1369327572783.00
DEBUG - 2025-12-05 00:41:40 --> Added to Q3: 3022949966742 (Total now: 6045899933484)
DEBUG - 2025-12-05 00:41:40 --> Processing upload ID: 28, Status: completed, Year: 2025, Quarter: Q1
DEBUG - 2025-12-05 00:41:40 --> Upload ID 28 - PMA: 1653622393959.00, PMDN: 1817276331954.00
DEBUG - 2025-12-05 00:41:40 --> Added to Q1: 3470898725913 (Total now: 6493848692655)
DEBUG - 2025-12-05 00:41:40 --> Final quarterly data before conversion: {"Q1":6493848692655,"Q2":0,"Q3":6045899933484,"Q4":0}
DEBUG - 2025-12-05 00:41:40 --> prepareQuarterlyAdditionalInvestmentChartData - Final result: {"labels":["Q1","Q2","Q3","Q4"],"values":[6493848692655,0,6045899933484,0],"year":"Semua Tahun"}
DEBUG - 2025-12-05 00:41:40 --> prepareQuarterlyAdditionalInvestmentChartDataAllYears - Total uploads: 4
DEBUG - 2025-12-05 00:41:40 --> Processing upload ID: 33, Status: completed, Year: 2024, Quarter: Q1
DEBUG - 2025-12-05 00:41:40 --> Initialized year: 2024
DEBUG - 2025-12-05 00:41:40 --> Upload ID 33 (Year: 2024, Q1) - PMA: 1653622393959.00, PMDN: 1369327572783.00
DEBUG - 2025-12-05 00:41:40 --> Added to Year 2024 Q1: 3022949966742 (Total now: 3022949966742)
DEBUG - 2025-12-05 00:41:40 --> Processing upload ID: 32, Status: completed, Year: 2022, Quarter: Q3
DEBUG - 2025-12-05 00:41:40 --> Initialized year: 2022
DEBUG - 2025-12-05 00:41:40 --> Upload ID 32 (Year: 2022, Q3) - PMA: 1653622393959.00, PMDN: 1369327572783.00
DEBUG - 2025-12-05 00:41:40 --> Added to Year 2022 Q3: 3022949966742 (Total now: 3022949966742)
DEBUG - 2025-12-05 00:41:40 --> Processing upload ID: 29, Status: completed, Year: 2025, Quarter: Q3
DEBUG - 2025-12-05 00:41:40 --> Initialized year: 2025
DEBUG - 2025-12-05 00:41:40 --> Upload ID 29 (Year: 2025, Q3) - PMA: 1653622393959.00, PMDN: 1369327572783.00
DEBUG - 2025-12-05 00:41:40 --> Added to Year 2025 Q3: 3022949966742 (Total now: 3022949966742)
DEBUG - 2025-12-05 00:41:40 --> Processing upload ID: 28, Status: completed, Year: 2025, Quarter: Q1
DEBUG - 2025-12-05 00:41:40 --> Upload ID 28 (Year: 2025, Q1) - PMA: 1653622393959.00, PMDN: 1817276331954.00
DEBUG - 2025-12-05 00:41:40 --> Added to Year 2025 Q1: 3470898725913 (Total now: 3470898725913)
DEBUG - 2025-12-05 00:41:40 --> Yearly quarterly data before conversion: {"2024":{"Q1":3022949966742,"Q2":0,"Q3":0,"Q4":0},"2022":{"Q1":0,"Q2":0,"Q3":3022949966742,"Q4":0},"2025":{"Q1":3470898725913,"Q2":0,"Q3":3022949966742,"Q4":0}}
DEBUG - 2025-12-05 00:41:40 --> prepareQuarterlyAdditionalInvestmentChartDataAllYears - Final result: {"2024":{"labels":["Q1","Q2","Q3","Q4"],"values":[3022949966742,0,0,0]},"2022":{"labels":["Q1","Q2","Q3","Q4"],"values":[0,0,3022949966742,0]},"2025":{"labels":["Q1","Q2","Q3","Q4"],"values":[3470898725913,0,3022949966742,0]}}
INFO - 2025-12-05 00:43:20 --> Session: Class initialized using 'CodeIgniter\Session\Handlers\FileHandler' driver.
DEBUG - 2025-12-05 00:43:20 --> prepareQuarterlyAdditionalInvestmentChartData - Total uploads: 4
DEBUG - 2025-12-05 00:43:20 --> prepareQuarterlyAdditionalInvestmentChartData - Selected year: all
DEBUG - 2025-12-05 00:43:20 --> Processing upload ID: 33, Status: completed, Year: 2024, Quarter: Q1
DEBUG - 2025-12-05 00:43:20 --> Upload ID 33 - PMA: 1653622393959.00, PMDN: 1369327572783.00
DEBUG - 2025-12-05 00:43:20 --> Added to Q1: 3022949966742 (Total now: 3022949966742)
DEBUG - 2025-12-05 00:43:20 --> Processing upload ID: 32, Status: completed, Year: 2022, Quarter: Q3
DEBUG - 2025-12-05 00:43:20 --> Upload ID 32 - PMA: 1653622393959.00, PMDN: 1369327572783.00
DEBUG - 2025-12-05 00:43:20 --> Added to Q3: 3022949966742 (Total now: 3022949966742)
DEBUG - 2025-12-05 00:43:20 --> Processing upload ID: 29, Status: completed, Year: 2025, Quarter: Q3
DEBUG - 2025-12-05 00:43:20 --> Upload ID 29 - PMA: 1653622393959.00, PMDN: 1369327572783.00
DEBUG - 2025-12-05 00:43:20 --> Added to Q3: 3022949966742 (Total now: 6045899933484)
DEBUG - 2025-12-05 00:43:20 --> Processing upload ID: 28, Status: completed, Year: 2025, Quarter: Q1
DEBUG - 2025-12-05 00:43:20 --> Upload ID 28 - PMA: 1653622393959.00, PMDN: 1817276331954.00
DEBUG - 2025-12-05 00:43:20 --> Added to Q1: 3470898725913 (Total now: 6493848692655)
DEBUG - 2025-12-05 00:43:20 --> Final quarterly data before conversion: {"Q1":6493848692655,"Q2":0,"Q3":6045899933484,"Q4":0}
DEBUG - 2025-12-05 00:43:20 --> prepareQuarterlyAdditionalInvestmentChartData - Final result: {"labels":["Q1","Q2","Q3","Q4"],"values":[6493848692655,0,6045899933484,0],"year":"Semua Tahun"}
DEBUG - 2025-12-05 00:43:20 --> prepareQuarterlyAdditionalInvestmentChartDataAllYears - Total uploads: 4
DEBUG - 2025-12-05 00:43:20 --> Processing upload ID: 33, Status: completed, Year: 2024, Quarter: Q1
DEBUG - 2025-12-05 00:43:20 --> Initialized year: 2024
DEBUG - 2025-12-05 00:43:20 --> Upload ID 33 (Year: 2024, Q1) - PMA: 1653622393959.00, PMDN: 1369327572783.00
DEBUG - 2025-12-05 00:43:20 --> Added to Year 2024 Q1: 3022949966742 (Total now: 3022949966742)
DEBUG - 2025-12-05 00:43:20 --> Processing upload ID: 32, Status: completed, Year: 2022, Quarter: Q3
DEBUG - 2025-12-05 00:43:20 --> Initialized year: 2022
DEBUG - 2025-12-05 00:43:20 --> Upload ID 32 (Year: 2022, Q3) - PMA: 1653622393959.00, PMDN: 1369327572783.00
DEBUG - 2025-12-05 00:43:20 --> Added to Year 2022 Q3: 3022949966742 (Total now: 3022949966742)
DEBUG - 2025-12-05 00:43:20 --> Processing upload ID: 29, Status: completed, Year: 2025, Quarter: Q3
DEBUG - 2025-12-05 00:43:20 --> Initialized year: 2025
DEBUG - 2025-12-05 00:43:20 --> Upload ID 29 (Year: 2025, Q3) - PMA: 1653622393959.00, PMDN: 1369327572783.00
DEBUG - 2025-12-05 00:43:20 --> Added to Year 2025 Q3: 3022949966742 (Total now: 3022949966742)
DEBUG - 2025-12-05 00:43:20 --> Processing upload ID: 28, Status: completed, Year: 2025, Quarter: Q1
DEBUG - 2025-12-05 00:43:20 --> Upload ID 28 (Year: 2025, Q1) - PMA: 1653622393959.00, PMDN: 1817276331954.00
DEBUG - 2025-12-05 00:43:20 --> Added to Year 2025 Q1: 3470898725913 (Total now: 3470898725913)
DEBUG - 2025-12-05 00:43:20 --> Yearly quarterly data before conversion: {"2024":{"Q1":3022949966742,"Q2":0,"Q3":0,"Q4":0},"2022":{"Q1":0,"Q2":0,"Q3":3022949966742,"Q4":0},"2025":{"Q1":3470898725913,"Q2":0,"Q3":3022949966742,"Q4":0}}
DEBUG - 2025-12-05 00:43:20 --> prepareQuarterlyAdditionalInvestmentChartDataAllYears - Final result: {"2024":{"labels":["Q1","Q2","Q3","Q4"],"values":[3022949966742,0,0,0]},"2022":{"labels":["Q1","Q2","Q3","Q4"],"values":[0,0,3022949966742,0]},"2025":{"labels":["Q1","Q2","Q3","Q4"],"values":[3470898725913,0,3022949966742,0]}}
INFO - 2025-12-05 00:43:49 --> Session: Class initialized using 'CodeIgniter\Session\Handlers\FileHandler' driver.
INFO - 2025-12-05 00:43:53 --> Session: Class initialized using 'CodeIgniter\Session\Handlers\FileHandler' driver.
INFO - 2025-12-05 00:44:05 --> Session: Class initialized using 'CodeIgniter\Session\Handlers\FileHandler' driver.
DEBUG - 2025-12-05 00:44:05 --> ValidateMetadata called - UploadID: 34, Quarter: 2, Normalized: 2, Year: 2025
DEBUG - 2025-12-05 00:44:05 --> === DUPLICATE CHECK START ===
DEBUG - 2025-12-05 00:44:05 --> Checking duplicate: Quarter=Q2, Year=2025, ExcludeId=34
DEBUG - 2025-12-05 00:44:05 -->  NO DUPLICATE - Data aman untuk diproses
DEBUG - 2025-12-05 00:44:05 --> === DUPLICATE CHECK END ===
DEBUG - 2025-12-05 00:44:05 --> Validation passed - no duplicate found
INFO - 2025-12-05 00:44:07 --> Session: Class initialized using 'CodeIgniter\Session\Handlers\FileHandler' driver.
DEBUG - 2025-12-05 00:44:07 --> prepareQuarterlyAdditionalInvestmentChartData - Total uploads: 5
DEBUG - 2025-12-05 00:44:07 --> prepareQuarterlyAdditionalInvestmentChartData - Selected year: all
DEBUG - 2025-12-05 00:44:07 --> Processing upload ID: 34, Status: completed, Year: 2025, Quarter: Q2
DEBUG - 2025-12-05 00:44:07 --> Upload ID 34 - PMA: 1653622393959.00, PMDN: 1817276331954.00
DEBUG - 2025-12-05 00:44:07 --> Added to Q2: 3470898725913 (Total now: 3470898725913)
DEBUG - 2025-12-05 00:44:07 --> Processing upload ID: 33, Status: completed, Year: 2024, Quarter: Q1
DEBUG - 2025-12-05 00:44:07 --> Upload ID 33 - PMA: 1653622393959.00, PMDN: 1369327572783.00
DEBUG - 2025-12-05 00:44:07 --> Added to Q1: 3022949966742 (Total now: 3022949966742)
DEBUG - 2025-12-05 00:44:07 --> Processing upload ID: 32, Status: completed, Year: 2022, Quarter: Q3
DEBUG - 2025-12-05 00:44:07 --> Upload ID 32 - PMA: 1653622393959.00, PMDN: 1369327572783.00
DEBUG - 2025-12-05 00:44:07 --> Added to Q3: 3022949966742 (Total now: 3022949966742)
DEBUG - 2025-12-05 00:44:07 --> Processing upload ID: 29, Status: completed, Year: 2025, Quarter: Q3
DEBUG - 2025-12-05 00:44:07 --> Upload ID 29 - PMA: 1653622393959.00, PMDN: 1369327572783.00
DEBUG - 2025-12-05 00:44:07 --> Added to Q3: 3022949966742 (Total now: 6045899933484)
DEBUG - 2025-12-05 00:44:07 --> Processing upload ID: 28, Status: completed, Year: 2025, Quarter: Q1
DEBUG - 2025-12-05 00:44:07 --> Upload ID 28 - PMA: 1653622393959.00, PMDN: 1817276331954.00
DEBUG - 2025-12-05 00:44:07 --> Added to Q1: 3470898725913 (Total now: 6493848692655)
DEBUG - 2025-12-05 00:44:07 --> Final quarterly data before conversion: {"Q1":6493848692655,"Q2":3470898725913,"Q3":6045899933484,"Q4":0}
DEBUG - 2025-12-05 00:44:07 --> prepareQuarterlyAdditionalInvestmentChartData - Final result: {"labels":["Q1","Q2","Q3","Q4"],"values":[6493848692655,3470898725913,6045899933484,0],"year":"Semua Tahun"}
DEBUG - 2025-12-05 00:44:07 --> prepareQuarterlyAdditionalInvestmentChartDataAllYears - Total uploads: 5
DEBUG - 2025-12-05 00:44:07 --> Processing upload ID: 34, Status: completed, Year: 2025, Quarter: Q2
DEBUG - 2025-12-05 00:44:07 --> Initialized year: 2025
DEBUG - 2025-12-05 00:44:07 --> Upload ID 34 (Year: 2025, Q2) - PMA: 1653622393959.00, PMDN: 1817276331954.00
DEBUG - 2025-12-05 00:44:07 --> Added to Year 2025 Q2: 3470898725913 (Total now: 3470898725913)
DEBUG - 2025-12-05 00:44:07 --> Processing upload ID: 33, Status: completed, Year: 2024, Quarter: Q1
DEBUG - 2025-12-05 00:44:07 --> Initialized year: 2024
DEBUG - 2025-12-05 00:44:07 --> Upload ID 33 (Year: 2024, Q1) - PMA: 1653622393959.00, PMDN: 1369327572783.00
DEBUG - 2025-12-05 00:44:07 --> Added to Year 2024 Q1: 3022949966742 (Total now: 3022949966742)
DEBUG - 2025-12-05 00:44:07 --> Processing upload ID: 32, Status: completed, Year: 2022, Quarter: Q3
DEBUG - 2025-12-05 00:44:07 --> Initialized year: 2022
DEBUG - 2025-12-05 00:44:07 --> Upload ID 32 (Year: 2022, Q3) - PMA: 1653622393959.00, PMDN: 1369327572783.00
DEBUG - 2025-12-05 00:44:07 --> Added to Year 2022 Q3: 3022949966742 (Total now: 3022949966742)
DEBUG - 2025-12-05 00:44:07 --> Processing upload ID: 29, Status: completed, Year: 2025, Quarter: Q3
DEBUG - 2025-12-05 00:44:07 --> Upload ID 29 (Year: 2025, Q3) - PMA: 1653622393959.00, PMDN: 1369327572783.00
DEBUG - 2025-12-05 00:44:07 --> Added to Year 2025 Q3: 3022949966742 (Total now: 3022949966742)
DEBUG - 2025-12-05 00:44:07 --> Processing upload ID: 28, Status: completed, Year: 2025, Quarter: Q1
DEBUG - 2025-12-05 00:44:07 --> Upload ID 28 (Year: 2025, Q1) - PMA: 1653622393959.00, PMDN: 1817276331954.00
DEBUG - 2025-12-05 00:44:07 --> Added to Year 2025 Q1: 3470898725913 (Total now: 3470898725913)
DEBUG - 2025-12-05 00:44:07 --> Yearly quarterly data before conversion: {"2025":{"Q1":3470898725913,"Q2":3470898725913,"Q3":3022949966742,"Q4":0},"2024":{"Q1":3022949966742,"Q2":0,"Q3":0,"Q4":0},"2022":{"Q1":0,"Q2":0,"Q3":3022949966742,"Q4":0}}
DEBUG - 2025-12-05 00:44:07 --> prepareQuarterlyAdditionalInvestmentChartDataAllYears - Final result: {"2025":{"labels":["Q1","Q2","Q3","Q4"],"values":[3470898725913,3470898725913,3022949966742,0]},"2024":{"labels":["Q1","Q2","Q3","Q4"],"values":[3022949966742,0,0,0]},"2022":{"labels":["Q1","Q2","Q3","Q4"],"values":[0,0,3022949966742,0]}}
INFO - 2025-12-05 00:44:15 --> Session: Class initialized using 'CodeIgniter\Session\Handlers\FileHandler' driver.
DEBUG - 2025-12-05 00:44:16 --> prepareQuarterlyAdditionalInvestmentChartData - Total uploads: 5
DEBUG - 2025-12-05 00:44:16 --> prepareQuarterlyAdditionalInvestmentChartData - Selected year: all
DEBUG - 2025-12-05 00:44:16 --> Processing upload ID: 34, Status: completed, Year: 2025, Quarter: Q2
DEBUG - 2025-12-05 00:44:16 --> Upload ID 34 - PMA: 1653622393959.00, PMDN: 1817276331954.00
DEBUG - 2025-12-05 00:44:16 --> Added to Q2: 3470898725913 (Total now: 3470898725913)
DEBUG - 2025-12-05 00:44:16 --> Processing upload ID: 33, Status: completed, Year: 2024, Quarter: Q1
DEBUG - 2025-12-05 00:44:16 --> Upload ID 33 - PMA: 1653622393959.00, PMDN: 1369327572783.00
DEBUG - 2025-12-05 00:44:16 --> Added to Q1: 3022949966742 (Total now: 3022949966742)
DEBUG - 2025-12-05 00:44:16 --> Processing upload ID: 32, Status: completed, Year: 2022, Quarter: Q3
DEBUG - 2025-12-05 00:44:16 --> Upload ID 32 - PMA: 1653622393959.00, PMDN: 1369327572783.00
DEBUG - 2025-12-05 00:44:16 --> Added to Q3: 3022949966742 (Total now: 3022949966742)
DEBUG - 2025-12-05 00:44:16 --> Processing upload ID: 29, Status: completed, Year: 2025, Quarter: Q3
DEBUG - 2025-12-05 00:44:16 --> Upload ID 29 - PMA: 1653622393959.00, PMDN: 1369327572783.00
DEBUG - 2025-12-05 00:44:16 --> Added to Q3: 3022949966742 (Total now: 6045899933484)
DEBUG - 2025-12-05 00:44:16 --> Processing upload ID: 28, Status: completed, Year: 2025, Quarter: Q1
DEBUG - 2025-12-05 00:44:16 --> Upload ID 28 - PMA: 1653622393959.00, PMDN: 1817276331954.00
DEBUG - 2025-12-05 00:44:16 --> Added to Q1: 3470898725913 (Total now: 6493848692655)
DEBUG - 2025-12-05 00:44:16 --> Final quarterly data before conversion: {"Q1":6493848692655,"Q2":3470898725913,"Q3":6045899933484,"Q4":0}
DEBUG - 2025-12-05 00:44:16 --> prepareQuarterlyAdditionalInvestmentChartData - Final result: {"labels":["Q1","Q2","Q3","Q4"],"values":[6493848692655,3470898725913,6045899933484,0],"year":"Semua Tahun"}
DEBUG - 2025-12-05 00:44:16 --> prepareQuarterlyAdditionalInvestmentChartDataAllYears - Total uploads: 5
DEBUG - 2025-12-05 00:44:16 --> Processing upload ID: 34, Status: completed, Year: 2025, Quarter: Q2
DEBUG - 2025-12-05 00:44:16 --> Initialized year: 2025
DEBUG - 2025-12-05 00:44:16 --> Upload ID 34 (Year: 2025, Q2) - PMA: 1653622393959.00, PMDN: 1817276331954.00
DEBUG - 2025-12-05 00:44:16 --> Added to Year 2025 Q2: 3470898725913 (Total now: 3470898725913)
DEBUG - 2025-12-05 00:44:16 --> Processing upload ID: 33, Status: completed, Year: 2024, Quarter: Q1
DEBUG - 2025-12-05 00:44:16 --> Initialized year: 2024
DEBUG - 2025-12-05 00:44:16 --> Upload ID 33 (Year: 2024, Q1) - PMA: 1653622393959.00, PMDN: 1369327572783.00
DEBUG - 2025-12-05 00:44:16 --> Added to Year 2024 Q1: 3022949966742 (Total now: 3022949966742)
DEBUG - 2025-12-05 00:44:16 --> Processing upload ID: 32, Status: completed, Year: 2022, Quarter: Q3
DEBUG - 2025-12-05 00:44:16 --> Initialized year: 2022
DEBUG - 2025-12-05 00:44:16 --> Upload ID 32 (Year: 2022, Q3) - PMA: 1653622393959.00, PMDN: 1369327572783.00
DEBUG - 2025-12-05 00:44:16 --> Added to Year 2022 Q3: 3022949966742 (Total now: 3022949966742)
DEBUG - 2025-12-05 00:44:16 --> Processing upload ID: 29, Status: completed, Year: 2025, Quarter: Q3
DEBUG - 2025-12-05 00:44:16 --> Upload ID 29 (Year: 2025, Q3) - PMA: 1653622393959.00, PMDN: 1369327572783.00
DEBUG - 2025-12-05 00:44:16 --> Added to Year 2025 Q3: 3022949966742 (Total now: 3022949966742)
DEBUG - 2025-12-05 00:44:16 --> Processing upload ID: 28, Status: completed, Year: 2025, Quarter: Q1
DEBUG - 2025-12-05 00:44:16 --> Upload ID 28 (Year: 2025, Q1) - PMA: 1653622393959.00, PMDN: 1817276331954.00
DEBUG - 2025-12-05 00:44:16 --> Added to Year 2025 Q1: 3470898725913 (Total now: 3470898725913)
DEBUG - 2025-12-05 00:44:16 --> Yearly quarterly data before conversion: {"2025":{"Q1":3470898725913,"Q2":3470898725913,"Q3":3022949966742,"Q4":0},"2024":{"Q1":3022949966742,"Q2":0,"Q3":0,"Q4":0},"2022":{"Q1":0,"Q2":0,"Q3":3022949966742,"Q4":0}}
DEBUG - 2025-12-05 00:44:16 --> prepareQuarterlyAdditionalInvestmentChartDataAllYears - Final result: {"2025":{"labels":["Q1","Q2","Q3","Q4"],"values":[3470898725913,3470898725913,3022949966742,0]},"2024":{"labels":["Q1","Q2","Q3","Q4"],"values":[3022949966742,0,0,0]},"2022":{"labels":["Q1","Q2","Q3","Q4"],"values":[0,0,3022949966742,0]}}
INFO - 2025-12-05 00:44:30 --> Session: Class initialized using 'CodeIgniter\Session\Handlers\FileHandler' driver.
INFO - 2025-12-05 00:44:31 --> Session: Class initialized using 'CodeIgniter\Session\Handlers\FileHandler' driver.
DEBUG - 2025-12-05 00:44:31 --> prepareQuarterlyAdditionalInvestmentChartData - Total uploads: 5
DEBUG - 2025-12-05 00:44:31 --> prepareQuarterlyAdditionalInvestmentChartData - Selected year: all
DEBUG - 2025-12-05 00:44:31 --> Processing upload ID: 34, Status: completed, Year: 2025, Quarter: Q2
DEBUG - 2025-12-05 00:44:31 --> Upload ID 34 - PMA: 1653622393959.00, PMDN: 1817276331954.00
DEBUG - 2025-12-05 00:44:31 --> Added to Q2: 3470898725913 (Total now: 3470898725913)
DEBUG - 2025-12-05 00:44:31 --> Processing upload ID: 33, Status: completed, Year: 2024, Quarter: Q1
DEBUG - 2025-12-05 00:44:31 --> Upload ID 33 - PMA: 1653622393959.00, PMDN: 1369327572783.00
DEBUG - 2025-12-05 00:44:31 --> Added to Q1: 3022949966742 (Total now: 3022949966742)
DEBUG - 2025-12-05 00:44:31 --> Processing upload ID: 32, Status: completed, Year: 2022, Quarter: Q3
DEBUG - 2025-12-05 00:44:31 --> Upload ID 32 - PMA: 1653622393959.00, PMDN: 1369327572783.00
DEBUG - 2025-12-05 00:44:31 --> Added to Q3: 3022949966742 (Total now: 3022949966742)
DEBUG - 2025-12-05 00:44:31 --> Processing upload ID: 29, Status: completed, Year: 2025, Quarter: Q3
DEBUG - 2025-12-05 00:44:31 --> Upload ID 29 - PMA: 1653622393959.00, PMDN: 1369327572783.00
DEBUG - 2025-12-05 00:44:31 --> Added to Q3: 3022949966742 (Total now: 6045899933484)
DEBUG - 2025-12-05 00:44:31 --> Processing upload ID: 28, Status: completed, Year: 2025, Quarter: Q1
DEBUG - 2025-12-05 00:44:31 --> Upload ID 28 - PMA: 1653622393959.00, PMDN: 1817276331954.00
DEBUG - 2025-12-05 00:44:31 --> Added to Q1: 3470898725913 (Total now: 6493848692655)
DEBUG - 2025-12-05 00:44:31 --> Final quarterly data before conversion: {"Q1":6493848692655,"Q2":3470898725913,"Q3":6045899933484,"Q4":0}
DEBUG - 2025-12-05 00:44:31 --> prepareQuarterlyAdditionalInvestmentChartData - Final result: {"labels":["Q1","Q2","Q3","Q4"],"values":[6493848692655,3470898725913,6045899933484,0],"year":"Semua Tahun"}
DEBUG - 2025-12-05 00:44:31 --> prepareQuarterlyAdditionalInvestmentChartDataAllYears - Total uploads: 5
DEBUG - 2025-12-05 00:44:31 --> Processing upload ID: 34, Status: completed, Year: 2025, Quarter: Q2
DEBUG - 2025-12-05 00:44:31 --> Initialized year: 2025
DEBUG - 2025-12-05 00:44:31 --> Upload ID 34 (Year: 2025, Q2) - PMA: 1653622393959.00, PMDN: 1817276331954.00
DEBUG - 2025-12-05 00:44:31 --> Added to Year 2025 Q2: 3470898725913 (Total now: 3470898725913)
DEBUG - 2025-12-05 00:44:31 --> Processing upload ID: 33, Status: completed, Year: 2024, Quarter: Q1
DEBUG - 2025-12-05 00:44:31 --> Initialized year: 2024
DEBUG - 2025-12-05 00:44:31 --> Upload ID 33 (Year: 2024, Q1) - PMA: 1653622393959.00, PMDN: 1369327572783.00
DEBUG - 2025-12-05 00:44:31 --> Added to Year 2024 Q1: 3022949966742 (Total now: 3022949966742)
DEBUG - 2025-12-05 00:44:31 --> Processing upload ID: 32, Status: completed, Year: 2022, Quarter: Q3
DEBUG - 2025-12-05 00:44:31 --> Initialized year: 2022
DEBUG - 2025-12-05 00:44:31 --> Upload ID 32 (Year: 2022, Q3) - PMA: 1653622393959.00, PMDN: 1369327572783.00
DEBUG - 2025-12-05 00:44:31 --> Added to Year 2022 Q3: 3022949966742 (Total now: 3022949966742)
DEBUG - 2025-12-05 00:44:31 --> Processing upload ID: 29, Status: completed, Year: 2025, Quarter: Q3
DEBUG - 2025-12-05 00:44:31 --> Upload ID 29 (Year: 2025, Q3) - PMA: 1653622393959.00, PMDN: 1369327572783.00
DEBUG - 2025-12-05 00:44:31 --> Added to Year 2025 Q3: 3022949966742 (Total now: 3022949966742)
DEBUG - 2025-12-05 00:44:31 --> Processing upload ID: 28, Status: completed, Year: 2025, Quarter: Q1
DEBUG - 2025-12-05 00:44:31 --> Upload ID 28 (Year: 2025, Q1) - PMA: 1653622393959.00, PMDN: 1817276331954.00
DEBUG - 2025-12-05 00:44:31 --> Added to Year 2025 Q1: 3470898725913 (Total now: 3470898725913)
DEBUG - 2025-12-05 00:44:31 --> Yearly quarterly data before conversion: {"2025":{"Q1":3470898725913,"Q2":3470898725913,"Q3":3022949966742,"Q4":0},"2024":{"Q1":3022949966742,"Q2":0,"Q3":0,"Q4":0},"2022":{"Q1":0,"Q2":0,"Q3":3022949966742,"Q4":0}}
DEBUG - 2025-12-05 00:44:31 --> prepareQuarterlyAdditionalInvestmentChartDataAllYears - Final result: {"2025":{"labels":["Q1","Q2","Q3","Q4"],"values":[3470898725913,3470898725913,3022949966742,0]},"2024":{"labels":["Q1","Q2","Q3","Q4"],"values":[3022949966742,0,0,0]},"2022":{"labels":["Q1","Q2","Q3","Q4"],"values":[0,0,3022949966742,0]}}
INFO - 2025-12-05 00:45:35 --> Session: Class initialized using 'CodeIgniter\Session\Handlers\FileHandler' driver.
DEBUG - 2025-12-05 00:45:35 --> prepareQuarterlyAdditionalInvestmentChartData - Total uploads: 5
DEBUG - 2025-12-05 00:45:35 --> prepareQuarterlyAdditionalInvestmentChartData - Selected year: all
DEBUG - 2025-12-05 00:45:35 --> Processing upload ID: 34, Status: completed, Year: 2025, Quarter: Q2
DEBUG - 2025-12-05 00:45:35 --> Upload ID 34 - PMA: 1653622393959.00, PMDN: 1817276331954.00
DEBUG - 2025-12-05 00:45:35 --> Added to Q2: 3470898725913 (Total now: 3470898725913)
DEBUG - 2025-12-05 00:45:35 --> Processing upload ID: 33, Status: completed, Year: 2024, Quarter: Q1
DEBUG - 2025-12-05 00:45:35 --> Upload ID 33 - PMA: 1653622393959.00, PMDN: 1369327572783.00
DEBUG - 2025-12-05 00:45:35 --> Added to Q1: 3022949966742 (Total now: 3022949966742)
DEBUG - 2025-12-05 00:45:35 --> Processing upload ID: 32, Status: completed, Year: 2022, Quarter: Q3
DEBUG - 2025-12-05 00:45:35 --> Upload ID 32 - PMA: 1653622393959.00, PMDN: 1369327572783.00
DEBUG - 2025-12-05 00:45:35 --> Added to Q3: 3022949966742 (Total now: 3022949966742)
DEBUG - 2025-12-05 00:45:35 --> Processing upload ID: 29, Status: completed, Year: 2025, Quarter: Q3
DEBUG - 2025-12-05 00:45:35 --> Upload ID 29 - PMA: 1653622393959.00, PMDN: 1369327572783.00
DEBUG - 2025-12-05 00:45:35 --> Added to Q3: 3022949966742 (Total now: 6045899933484)
DEBUG - 2025-12-05 00:45:35 --> Processing upload ID: 28, Status: completed, Year: 2025, Quarter: Q1
DEBUG - 2025-12-05 00:45:35 --> Upload ID 28 - PMA: 1653622393959.00, PMDN: 1817276331954.00
DEBUG - 2025-12-05 00:45:35 --> Added to Q1: 3470898725913 (Total now: 6493848692655)
DEBUG - 2025-12-05 00:45:35 --> Final quarterly data before conversion: {"Q1":6493848692655,"Q2":3470898725913,"Q3":6045899933484,"Q4":0}
DEBUG - 2025-12-05 00:45:35 --> prepareQuarterlyAdditionalInvestmentChartData - Final result: {"labels":["Q1","Q2","Q3","Q4"],"values":[6493848692655,3470898725913,6045899933484,0],"year":"Semua Tahun"}
DEBUG - 2025-12-05 00:45:35 --> prepareQuarterlyAdditionalInvestmentChartDataAllYears - Total uploads: 5
DEBUG - 2025-12-05 00:45:35 --> Processing upload ID: 34, Status: completed, Year: 2025, Quarter: Q2
DEBUG - 2025-12-05 00:45:35 --> Initialized year: 2025
DEBUG - 2025-12-05 00:45:35 --> Upload ID 34 (Year: 2025, Q2) - PMA: 1653622393959.00, PMDN: 1817276331954.00
DEBUG - 2025-12-05 00:45:35 --> Added to Year 2025 Q2: 3470898725913 (Total now: 3470898725913)
DEBUG - 2025-12-05 00:45:35 --> Processing upload ID: 33, Status: completed, Year: 2024, Quarter: Q1
DEBUG - 2025-12-05 00:45:35 --> Initialized year: 2024
DEBUG - 2025-12-05 00:45:35 --> Upload ID 33 (Year: 2024, Q1) - PMA: 1653622393959.00, PMDN: 1369327572783.00
DEBUG - 2025-12-05 00:45:35 --> Added to Year 2024 Q1: 3022949966742 (Total now: 3022949966742)
DEBUG - 2025-12-05 00:45:35 --> Processing upload ID: 32, Status: completed, Year: 2022, Quarter: Q3
DEBUG - 2025-12-05 00:45:35 --> Initialized year: 2022
DEBUG - 2025-12-05 00:45:35 --> Upload ID 32 (Year: 2022, Q3) - PMA: 1653622393959.00, PMDN: 1369327572783.00
DEBUG - 2025-12-05 00:45:35 --> Added to Year 2022 Q3: 3022949966742 (Total now: 3022949966742)
DEBUG - 2025-12-05 00:45:35 --> Processing upload ID: 29, Status: completed, Year: 2025, Quarter: Q3
DEBUG - 2025-12-05 00:45:35 --> Upload ID 29 (Year: 2025, Q3) - PMA: 1653622393959.00, PMDN: 1369327572783.00
DEBUG - 2025-12-05 00:45:35 --> Added to Year 2025 Q3: 3022949966742 (Total now: 3022949966742)
DEBUG - 2025-12-05 00:45:35 --> Processing upload ID: 28, Status: completed, Year: 2025, Quarter: Q1
DEBUG - 2025-12-05 00:45:35 --> Upload ID 28 (Year: 2025, Q1) - PMA: 1653622393959.00, PMDN: 1817276331954.00
DEBUG - 2025-12-05 00:45:35 --> Added to Year 2025 Q1: 3470898725913 (Total now: 3470898725913)
DEBUG - 2025-12-05 00:45:35 --> Yearly quarterly data before conversion: {"2025":{"Q1":3470898725913,"Q2":3470898725913,"Q3":3022949966742,"Q4":0},"2024":{"Q1":3022949966742,"Q2":0,"Q3":0,"Q4":0},"2022":{"Q1":0,"Q2":0,"Q3":3022949966742,"Q4":0}}
DEBUG - 2025-12-05 00:45:35 --> prepareQuarterlyAdditionalInvestmentChartDataAllYears - Final result: {"2025":{"labels":["Q1","Q2","Q3","Q4"],"values":[3470898725913,3470898725913,3022949966742,0]},"2024":{"labels":["Q1","Q2","Q3","Q4"],"values":[3022949966742,0,0,0]},"2022":{"labels":["Q1","Q2","Q3","Q4"],"values":[0,0,3022949966742,0]}}
INFO - 2025-12-05 00:48:52 --> Session: Class initialized using 'CodeIgniter\Session\Handlers\FileHandler' driver.
DEBUG - 2025-12-05 00:48:52 --> prepareQuarterlyAdditionalInvestmentChartData - Total uploads: 5
DEBUG - 2025-12-05 00:48:52 --> prepareQuarterlyAdditionalInvestmentChartData - Selected year: all
DEBUG - 2025-12-05 00:48:52 --> Processing upload ID: 34, Status: completed, Year: 2025, Quarter: Q2
DEBUG - 2025-12-05 00:48:52 --> Upload ID 34 - PMA: 1653622393959.00, PMDN: 1817276331954.00
DEBUG - 2025-12-05 00:48:52 --> Added to Q2: 3470898725913 (Total now: 3470898725913)
DEBUG - 2025-12-05 00:48:52 --> Processing upload ID: 33, Status: completed, Year: 2024, Quarter: Q1
DEBUG - 2025-12-05 00:48:52 --> Upload ID 33 - PMA: 1653622393959.00, PMDN: 1369327572783.00
DEBUG - 2025-12-05 00:48:52 --> Added to Q1: 3022949966742 (Total now: 3022949966742)
DEBUG - 2025-12-05 00:48:52 --> Processing upload ID: 32, Status: completed, Year: 2022, Quarter: Q3
DEBUG - 2025-12-05 00:48:52 --> Upload ID 32 - PMA: 1653622393959.00, PMDN: 1369327572783.00
DEBUG - 2025-12-05 00:48:52 --> Added to Q3: 3022949966742 (Total now: 3022949966742)
DEBUG - 2025-12-05 00:48:52 --> Processing upload ID: 29, Status: completed, Year: 2025, Quarter: Q3
DEBUG - 2025-12-05 00:48:52 --> Upload ID 29 - PMA: 1653622393959.00, PMDN: 1369327572783.00
DEBUG - 2025-12-05 00:48:52 --> Added to Q3: 3022949966742 (Total now: 6045899933484)
DEBUG - 2025-12-05 00:48:52 --> Processing upload ID: 28, Status: completed, Year: 2025, Quarter: Q1
DEBUG - 2025-12-05 00:48:52 --> Upload ID 28 - PMA: 1653622393959.00, PMDN: 1817276331954.00
DEBUG - 2025-12-05 00:48:52 --> Added to Q1: 3470898725913 (Total now: 6493848692655)
DEBUG - 2025-12-05 00:48:52 --> Final quarterly data before conversion: {"Q1":6493848692655,"Q2":3470898725913,"Q3":6045899933484,"Q4":0}
DEBUG - 2025-12-05 00:48:52 --> prepareQuarterlyAdditionalInvestmentChartData - Final result: {"labels":["Q1","Q2","Q3","Q4"],"values":[6493848692655,3470898725913,6045899933484,0],"year":"Semua Tahun"}
DEBUG - 2025-12-05 00:48:52 --> prepareQuarterlyAdditionalInvestmentChartDataAllYears - Total uploads: 5
DEBUG - 2025-12-05 00:48:52 --> Processing upload ID: 34, Status: completed, Year: 2025, Quarter: Q2
DEBUG - 2025-12-05 00:48:52 --> Initialized year: 2025
DEBUG - 2025-12-05 00:48:52 --> Upload ID 34 (Year: 2025, Q2) - PMA: 1653622393959.00, PMDN: 1817276331954.00
DEBUG - 2025-12-05 00:48:52 --> Added to Year 2025 Q2: 3470898725913 (Total now: 3470898725913)
DEBUG - 2025-12-05 00:48:52 --> Processing upload ID: 33, Status: completed, Year: 2024, Quarter: Q1
DEBUG - 2025-12-05 00:48:52 --> Initialized year: 2024
DEBUG - 2025-12-05 00:48:52 --> Upload ID 33 (Year: 2024, Q1) - PMA: 1653622393959.00, PMDN: 1369327572783.00
DEBUG - 2025-12-05 00:48:52 --> Added to Year 2024 Q1: 3022949966742 (Total now: 3022949966742)
DEBUG - 2025-12-05 00:48:52 --> Processing upload ID: 32, Status: completed, Year: 2022, Quarter: Q3
DEBUG - 2025-12-05 00:48:52 --> Initialized year: 2022
DEBUG - 2025-12-05 00:48:52 --> Upload ID 32 (Year: 2022, Q3) - PMA: 1653622393959.00, PMDN: 1369327572783.00
DEBUG - 2025-12-05 00:48:52 --> Added to Year 2022 Q3: 3022949966742 (Total now: 3022949966742)
DEBUG - 2025-12-05 00:48:52 --> Processing upload ID: 29, Status: completed, Year: 2025, Quarter: Q3
DEBUG - 2025-12-05 00:48:52 --> Upload ID 29 (Year: 2025, Q3) - PMA: 1653622393959.00, PMDN: 1369327572783.00
DEBUG - 2025-12-05 00:48:52 --> Added to Year 2025 Q3: 3022949966742 (Total now: 3022949966742)
DEBUG - 2025-12-05 00:48:52 --> Processing upload ID: 28, Status: completed, Year: 2025, Quarter: Q1
DEBUG - 2025-12-05 00:48:52 --> Upload ID 28 (Year: 2025, Q1) - PMA: 1653622393959.00, PMDN: 1817276331954.00
DEBUG - 2025-12-05 00:48:52 --> Added to Year 2025 Q1: 3470898725913 (Total now: 3470898725913)
DEBUG - 2025-12-05 00:48:52 --> Yearly quarterly data before conversion: {"2025":{"Q1":3470898725913,"Q2":3470898725913,"Q3":3022949966742,"Q4":0},"2024":{"Q1":3022949966742,"Q2":0,"Q3":0,"Q4":0},"2022":{"Q1":0,"Q2":0,"Q3":3022949966742,"Q4":0}}
DEBUG - 2025-12-05 00:48:52 --> prepareQuarterlyAdditionalInvestmentChartDataAllYears - Final result: {"2025":{"labels":["Q1","Q2","Q3","Q4"],"values":[3470898725913,3470898725913,3022949966742,0]},"2024":{"labels":["Q1","Q2","Q3","Q4"],"values":[3022949966742,0,0,0]},"2022":{"labels":["Q1","Q2","Q3","Q4"],"values":[0,0,3022949966742,0]}}
INFO - 2025-12-05 00:52:09 --> Session: Class initialized using 'CodeIgniter\Session\Handlers\FileHandler' driver.
DEBUG - 2025-12-05 00:52:09 --> prepareQuarterlyAdditionalInvestmentChartData - Total uploads: 5
DEBUG - 2025-12-05 00:52:09 --> prepareQuarterlyAdditionalInvestmentChartData - Selected year: all
DEBUG - 2025-12-05 00:52:09 --> Processing upload ID: 34, Status: completed, Year: 2025, Quarter: Q2
DEBUG - 2025-12-05 00:52:09 --> Upload ID 34 - PMA: 1653622393959.00, PMDN: 1817276331954.00
DEBUG - 2025-12-05 00:52:09 --> Added to Q2: 3470898725913 (Total now: 3470898725913)
DEBUG - 2025-12-05 00:52:09 --> Processing upload ID: 33, Status: completed, Year: 2024, Quarter: Q1
DEBUG - 2025-12-05 00:52:09 --> Upload ID 33 - PMA: 1653622393959.00, PMDN: 1369327572783.00
DEBUG - 2025-12-05 00:52:09 --> Added to Q1: 3022949966742 (Total now: 3022949966742)
DEBUG - 2025-12-05 00:52:09 --> Processing upload ID: 32, Status: completed, Year: 2022, Quarter: Q3
DEBUG - 2025-12-05 00:52:09 --> Upload ID 32 - PMA: 1653622393959.00, PMDN: 1369327572783.00
DEBUG - 2025-12-05 00:52:09 --> Added to Q3: 3022949966742 (Total now: 3022949966742)
DEBUG - 2025-12-05 00:52:09 --> Processing upload ID: 29, Status: completed, Year: 2025, Quarter: Q3
DEBUG - 2025-12-05 00:52:09 --> Upload ID 29 - PMA: 1653622393959.00, PMDN: 1369327572783.00
DEBUG - 2025-12-05 00:52:09 --> Added to Q3: 3022949966742 (Total now: 6045899933484)
DEBUG - 2025-12-05 00:52:09 --> Processing upload ID: 28, Status: completed, Year: 2025, Quarter: Q1
DEBUG - 2025-12-05 00:52:09 --> Upload ID 28 - PMA: 1653622393959.00, PMDN: 1817276331954.00
DEBUG - 2025-12-05 00:52:09 --> Added to Q1: 3470898725913 (Total now: 6493848692655)
DEBUG - 2025-12-05 00:52:09 --> Final quarterly data before conversion: {"Q1":6493848692655,"Q2":3470898725913,"Q3":6045899933484,"Q4":0}
DEBUG - 2025-12-05 00:52:09 --> prepareQuarterlyAdditionalInvestmentChartData - Final result: {"labels":["Q1","Q2","Q3","Q4"],"values":[6493848692655,3470898725913,6045899933484,0],"year":"Semua Tahun"}
DEBUG - 2025-12-05 00:52:09 --> prepareQuarterlyAdditionalInvestmentChartDataAllYears - Total uploads: 5
DEBUG - 2025-12-05 00:52:09 --> Processing upload ID: 34, Status: completed, Year: 2025, Quarter: Q2
DEBUG - 2025-12-05 00:52:09 --> Initialized year: 2025
DEBUG - 2025-12-05 00:52:09 --> Upload ID 34 (Year: 2025, Q2) - PMA: 1653622393959.00, PMDN: 1817276331954.00
DEBUG - 2025-12-05 00:52:09 --> Added to Year 2025 Q2: 3470898725913 (Total now: 3470898725913)
DEBUG - 2025-12-05 00:52:09 --> Processing upload ID: 33, Status: completed, Year: 2024, Quarter: Q1
DEBUG - 2025-12-05 00:52:09 --> Initialized year: 2024
DEBUG - 2025-12-05 00:52:09 --> Upload ID 33 (Year: 2024, Q1) - PMA: 1653622393959.00, PMDN: 1369327572783.00
DEBUG - 2025-12-05 00:52:09 --> Added to Year 2024 Q1: 3022949966742 (Total now: 3022949966742)
DEBUG - 2025-12-05 00:52:09 --> Processing upload ID: 32, Status: completed, Year: 2022, Quarter: Q3
DEBUG - 2025-12-05 00:52:09 --> Initialized year: 2022
DEBUG - 2025-12-05 00:52:09 --> Upload ID 32 (Year: 2022, Q3) - PMA: 1653622393959.00, PMDN: 1369327572783.00
DEBUG - 2025-12-05 00:52:09 --> Added to Year 2022 Q3: 3022949966742 (Total now: 3022949966742)
DEBUG - 2025-12-05 00:52:09 --> Processing upload ID: 29, Status: completed, Year: 2025, Quarter: Q3
DEBUG - 2025-12-05 00:52:09 --> Upload ID 29 (Year: 2025, Q3) - PMA: 1653622393959.00, PMDN: 1369327572783.00
DEBUG - 2025-12-05 00:52:09 --> Added to Year 2025 Q3: 3022949966742 (Total now: 3022949966742)
DEBUG - 2025-12-05 00:52:09 --> Processing upload ID: 28, Status: completed, Year: 2025, Quarter: Q1
DEBUG - 2025-12-05 00:52:09 --> Upload ID 28 (Year: 2025, Q1) - PMA: 1653622393959.00, PMDN: 1817276331954.00
DEBUG - 2025-12-05 00:52:09 --> Added to Year 2025 Q1: 3470898725913 (Total now: 3470898725913)
DEBUG - 2025-12-05 00:52:09 --> Yearly quarterly data before conversion: {"2025":{"Q1":3470898725913,"Q2":3470898725913,"Q3":3022949966742,"Q4":0},"2024":{"Q1":3022949966742,"Q2":0,"Q3":0,"Q4":0},"2022":{"Q1":0,"Q2":0,"Q3":3022949966742,"Q4":0}}
DEBUG - 2025-12-05 00:52:09 --> prepareQuarterlyAdditionalInvestmentChartDataAllYears - Final result: {"2025":{"labels":["Q1","Q2","Q3","Q4"],"values":[3470898725913,3470898725913,3022949966742,0]},"2024":{"labels":["Q1","Q2","Q3","Q4"],"values":[3022949966742,0,0,0]},"2022":{"labels":["Q1","Q2","Q3","Q4"],"values":[0,0,3022949966742,0]}}
