INFO - 2025-12-08 08:53:35 --> Session: Class initialized using 'CodeIgniter\Session\Handlers\FileHandler' driver.
INFO - 2025-12-08 08:53:36 --> Session: Class initialized using 'CodeIgniter\Session\Handlers\FileHandler' driver.
INFO - 2025-12-08 08:53:50 --> Session: Class initialized using 'CodeIgniter\Session\Handlers\FileHandler' driver.
INFO - 2025-12-08 08:53:51 --> Session: Class initialized using 'CodeIgniter\Session\Handlers\FileHandler' driver.
INFO - 2025-12-08 08:53:56 --> Session: Class initialized using 'CodeIgniter\Session\Handlers\FileHandler' driver.
INFO - 2025-12-08 08:53:56 --> Session: Class initialized using 'CodeIgniter\Session\Handlers\FileHandler' driver.
INFO - 2025-12-08 08:54:37 --> Session: Class initialized using 'CodeIgniter\Session\Handlers\FileHandler' driver.
INFO - 2025-12-08 08:54:38 --> Session: Class initialized using 'CodeIgniter\Session\Handlers\FileHandler' driver.
DEBUG - 2025-12-08 08:54:38 --> QuarterlyChartService - Total uploads: 2
DEBUG - 2025-12-08 08:54:38 --> QuarterlyChartService - Selected year: all
DEBUG - 2025-12-08 08:54:38 --> Processing upload ID: 38, Status: completed, Year: 2025, Quarter: Q2
DEBUG - 2025-12-08 08:54:38 --> Upload ID 38 - PMA: 1653622393959.00, PMDN: 1369327572783.00
DEBUG - 2025-12-08 08:54:38 --> Added to Q2: 3022949966742 (Total now: 3022949966742)
DEBUG - 2025-12-08 08:54:38 --> Processing upload ID: 36, Status: completed, Year: 2025, Quarter: Q3
DEBUG - 2025-12-08 08:54:38 --> Upload ID 36 - PMA: 1653622393959.00, PMDN: 1817276331954.00
DEBUG - 2025-12-08 08:54:38 --> Added to Q3: 3470898725913 (Total now: 3470898725913)
DEBUG - 2025-12-08 08:54:38 --> Final quarterly data before conversion: {"Q1":0,"Q2":3022949966742,"Q3":3470898725913,"Q4":0}
DEBUG - 2025-12-08 08:54:38 --> QuarterlyChartService (All Years) - Total uploads: 2
DEBUG - 2025-12-08 08:54:38 --> Initialized year: 2025
DEBUG - 2025-12-08 08:54:38 --> Upload ID 38 - PMA: 1653622393959.00, PMDN: 1369327572783.00
DEBUG - 2025-12-08 08:54:38 --> Added to Q2: 3022949966742 (Total now: 3022949966742)
DEBUG - 2025-12-08 08:54:38 --> Upload ID 36 - PMA: 1653622393959.00, PMDN: 1817276331954.00
DEBUG - 2025-12-08 08:54:38 --> Added to Q3: 3470898725913 (Total now: 3470898725913)
DEBUG - 2025-12-08 08:54:38 --> Yearly quarterly data before conversion: {"2025":{"Q1":0,"Q2":3022949966742,"Q3":3470898725913,"Q4":0}}
DEBUG - 2025-12-08 08:54:38 --> QuarterlyChartService (All Years) - Final result: {"2025":{"labels":["Q1","Q2","Q3","Q4"],"values":[0,3022949966742,3470898725913,0]}}
INFO - 2025-12-08 08:55:45 --> Session: Class initialized using 'CodeIgniter\Session\Handlers\FileHandler' driver.
INFO - 2025-12-08 08:55:46 --> Session: Class initialized using 'CodeIgniter\Session\Handlers\FileHandler' driver.
INFO - 2025-12-08 08:55:52 --> Session: Class initialized using 'CodeIgniter\Session\Handlers\FileHandler' driver.
INFO - 2025-12-08 08:55:52 --> Session: Class initialized using 'CodeIgniter\Session\Handlers\FileHandler' driver.
DEBUG - 2025-12-08 08:55:52 --> QuarterlyChartService - Total uploads: 2
DEBUG - 2025-12-08 08:55:52 --> QuarterlyChartService - Selected year: all
DEBUG - 2025-12-08 08:55:52 --> Processing upload ID: 38, Status: completed, Year: 2025, Quarter: Q2
DEBUG - 2025-12-08 08:55:52 --> Upload ID 38 - PMA: 1653622393959.00, PMDN: 1369327572783.00
DEBUG - 2025-12-08 08:55:52 --> Added to Q2: 3022949966742 (Total now: 3022949966742)
DEBUG - 2025-12-08 08:55:52 --> Processing upload ID: 36, Status: completed, Year: 2025, Quarter: Q3
DEBUG - 2025-12-08 08:55:52 --> Upload ID 36 - PMA: 1653622393959.00, PMDN: 1817276331954.00
DEBUG - 2025-12-08 08:55:52 --> Added to Q3: 3470898725913 (Total now: 3470898725913)
DEBUG - 2025-12-08 08:55:52 --> Final quarterly data before conversion: {"Q1":0,"Q2":3022949966742,"Q3":3470898725913,"Q4":0}
DEBUG - 2025-12-08 08:55:52 --> QuarterlyChartService (All Years) - Total uploads: 2
DEBUG - 2025-12-08 08:55:52 --> Initialized year: 2025
DEBUG - 2025-12-08 08:55:52 --> Upload ID 38 - PMA: 1653622393959.00, PMDN: 1369327572783.00
DEBUG - 2025-12-08 08:55:52 --> Added to Q2: 3022949966742 (Total now: 3022949966742)
DEBUG - 2025-12-08 08:55:52 --> Upload ID 36 - PMA: 1653622393959.00, PMDN: 1817276331954.00
DEBUG - 2025-12-08 08:55:52 --> Added to Q3: 3470898725913 (Total now: 3470898725913)
DEBUG - 2025-12-08 08:55:52 --> Yearly quarterly data before conversion: {"2025":{"Q1":0,"Q2":3022949966742,"Q3":3470898725913,"Q4":0}}
DEBUG - 2025-12-08 08:55:52 --> QuarterlyChartService (All Years) - Final result: {"2025":{"labels":["Q1","Q2","Q3","Q4"],"values":[0,3022949966742,3470898725913,0]}}
INFO - 2025-12-08 08:56:02 --> Session: Class initialized using 'CodeIgniter\Session\Handlers\FileHandler' driver.
INFO - 2025-12-08 08:56:03 --> Session: Class initialized using 'CodeIgniter\Session\Handlers\FileHandler' driver.
INFO - 2025-12-08 08:56:06 --> Session: Class initialized using 'CodeIgniter\Session\Handlers\FileHandler' driver.
INFO - 2025-12-08 08:56:07 --> Session: Class initialized using 'CodeIgniter\Session\Handlers\FileHandler' driver.
INFO - 2025-12-08 08:56:10 --> Session: Class initialized using 'CodeIgniter\Session\Handlers\FileHandler' driver.
INFO - 2025-12-08 08:56:11 --> Session: Class initialized using 'CodeIgniter\Session\Handlers\FileHandler' driver.
DEBUG - 2025-12-08 08:56:11 --> QuarterlyChartService - Total uploads: 2
DEBUG - 2025-12-08 08:56:11 --> QuarterlyChartService - Selected year: all
DEBUG - 2025-12-08 08:56:11 --> Processing upload ID: 38, Status: completed, Year: 2025, Quarter: Q2
DEBUG - 2025-12-08 08:56:11 --> Upload ID 38 - PMA: 1653622393959.00, PMDN: 1369327572783.00
DEBUG - 2025-12-08 08:56:11 --> Added to Q2: 3022949966742 (Total now: 3022949966742)
DEBUG - 2025-12-08 08:56:11 --> Processing upload ID: 36, Status: completed, Year: 2025, Quarter: Q3
DEBUG - 2025-12-08 08:56:11 --> Upload ID 36 - PMA: 1653622393959.00, PMDN: 1817276331954.00
DEBUG - 2025-12-08 08:56:11 --> Added to Q3: 3470898725913 (Total now: 3470898725913)
DEBUG - 2025-12-08 08:56:11 --> Final quarterly data before conversion: {"Q1":0,"Q2":3022949966742,"Q3":3470898725913,"Q4":0}
DEBUG - 2025-12-08 08:56:11 --> QuarterlyChartService (All Years) - Total uploads: 2
DEBUG - 2025-12-08 08:56:11 --> Initialized year: 2025
DEBUG - 2025-12-08 08:56:11 --> Upload ID 38 - PMA: 1653622393959.00, PMDN: 1369327572783.00
DEBUG - 2025-12-08 08:56:11 --> Added to Q2: 3022949966742 (Total now: 3022949966742)
DEBUG - 2025-12-08 08:56:11 --> Upload ID 36 - PMA: 1653622393959.00, PMDN: 1817276331954.00
DEBUG - 2025-12-08 08:56:11 --> Added to Q3: 3470898725913 (Total now: 3470898725913)
DEBUG - 2025-12-08 08:56:11 --> Yearly quarterly data before conversion: {"2025":{"Q1":0,"Q2":3022949966742,"Q3":3470898725913,"Q4":0}}
DEBUG - 2025-12-08 08:56:11 --> QuarterlyChartService (All Years) - Final result: {"2025":{"labels":["Q1","Q2","Q3","Q4"],"values":[0,3022949966742,3470898725913,0]}}
INFO - 2025-12-08 08:56:26 --> Session: Class initialized using 'CodeIgniter\Session\Handlers\FileHandler' driver.
INFO - 2025-12-08 08:56:37 --> Session: Class initialized using 'CodeIgniter\Session\Handlers\FileHandler' driver.
INFO - 2025-12-08 08:56:37 --> Session: Class initialized using 'CodeIgniter\Session\Handlers\FileHandler' driver.
INFO - 2025-12-08 08:57:57 --> Session: Class initialized using 'CodeIgniter\Session\Handlers\FileHandler' driver.
INFO - 2025-12-08 08:57:58 --> Session: Class initialized using 'CodeIgniter\Session\Handlers\FileHandler' driver.
INFO - 2025-12-08 08:58:06 --> Session: Class initialized using 'CodeIgniter\Session\Handlers\FileHandler' driver.
INFO - 2025-12-08 08:58:07 --> Session: Class initialized using 'CodeIgniter\Session\Handlers\FileHandler' driver.
DEBUG - 2025-12-08 08:58:07 --> QuarterlyChartService - Total uploads: 2
DEBUG - 2025-12-08 08:58:07 --> QuarterlyChartService - Selected year: all
DEBUG - 2025-12-08 08:58:07 --> Processing upload ID: 38, Status: completed, Year: 2025, Quarter: Q2
DEBUG - 2025-12-08 08:58:07 --> Upload ID 38 - PMA: 1653622393959.00, PMDN: 1369327572783.00
DEBUG - 2025-12-08 08:58:07 --> Added to Q2: 3022949966742 (Total now: 3022949966742)
DEBUG - 2025-12-08 08:58:07 --> Processing upload ID: 36, Status: completed, Year: 2025, Quarter: Q3
DEBUG - 2025-12-08 08:58:07 --> Upload ID 36 - PMA: 1653622393959.00, PMDN: 1817276331954.00
DEBUG - 2025-12-08 08:58:07 --> Added to Q3: 3470898725913 (Total now: 3470898725913)
DEBUG - 2025-12-08 08:58:07 --> Final quarterly data before conversion: {"Q1":0,"Q2":3022949966742,"Q3":3470898725913,"Q4":0}
DEBUG - 2025-12-08 08:58:07 --> QuarterlyChartService (All Years) - Total uploads: 2
DEBUG - 2025-12-08 08:58:07 --> Initialized year: 2025
DEBUG - 2025-12-08 08:58:07 --> Upload ID 38 - PMA: 1653622393959.00, PMDN: 1369327572783.00
DEBUG - 2025-12-08 08:58:07 --> Added to Q2: 3022949966742 (Total now: 3022949966742)
DEBUG - 2025-12-08 08:58:07 --> Upload ID 36 - PMA: 1653622393959.00, PMDN: 1817276331954.00
DEBUG - 2025-12-08 08:58:07 --> Added to Q3: 3470898725913 (Total now: 3470898725913)
DEBUG - 2025-12-08 08:58:07 --> Yearly quarterly data before conversion: {"2025":{"Q1":0,"Q2":3022949966742,"Q3":3470898725913,"Q4":0}}
DEBUG - 2025-12-08 08:58:07 --> QuarterlyChartService (All Years) - Final result: {"2025":{"labels":["Q1","Q2","Q3","Q4"],"values":[0,3022949966742,3470898725913,0]}}
INFO - 2025-12-08 08:58:41 --> Session: Class initialized using 'CodeIgniter\Session\Handlers\FileHandler' driver.
DEBUG - 2025-12-08 08:58:41 --> QuarterlyChartService - Total uploads: 2
DEBUG - 2025-12-08 08:58:41 --> QuarterlyChartService - Selected year: all
DEBUG - 2025-12-08 08:58:41 --> Processing upload ID: 38, Status: completed, Year: 2025, Quarter: Q2
DEBUG - 2025-12-08 08:58:41 --> Upload ID 38 - PMA: 1653622393959.00, PMDN: 1369327572783.00
DEBUG - 2025-12-08 08:58:41 --> Added to Q2: 3022949966742 (Total now: 3022949966742)
DEBUG - 2025-12-08 08:58:41 --> Processing upload ID: 36, Status: completed, Year: 2025, Quarter: Q3
DEBUG - 2025-12-08 08:58:41 --> Upload ID 36 - PMA: 1653622393959.00, PMDN: 1817276331954.00
DEBUG - 2025-12-08 08:58:41 --> Added to Q3: 3470898725913 (Total now: 3470898725913)
DEBUG - 2025-12-08 08:58:41 --> Final quarterly data before conversion: {"Q1":0,"Q2":3022949966742,"Q3":3470898725913,"Q4":0}
DEBUG - 2025-12-08 08:58:41 --> QuarterlyChartService (All Years) - Total uploads: 2
DEBUG - 2025-12-08 08:58:41 --> Initialized year: 2025
DEBUG - 2025-12-08 08:58:41 --> Upload ID 38 - PMA: 1653622393959.00, PMDN: 1369327572783.00
DEBUG - 2025-12-08 08:58:41 --> Added to Q2: 3022949966742 (Total now: 3022949966742)
DEBUG - 2025-12-08 08:58:41 --> Upload ID 36 - PMA: 1653622393959.00, PMDN: 1817276331954.00
DEBUG - 2025-12-08 08:58:41 --> Added to Q3: 3470898725913 (Total now: 3470898725913)
DEBUG - 2025-12-08 08:58:41 --> Yearly quarterly data before conversion: {"2025":{"Q1":0,"Q2":3022949966742,"Q3":3470898725913,"Q4":0}}
DEBUG - 2025-12-08 08:58:41 --> QuarterlyChartService (All Years) - Final result: {"2025":{"labels":["Q1","Q2","Q3","Q4"],"values":[0,3022949966742,3470898725913,0]}}
INFO - 2025-12-08 08:58:45 --> Session: Class initialized using 'CodeIgniter\Session\Handlers\FileHandler' driver.
INFO - 2025-12-08 08:58:46 --> Session: Class initialized using 'CodeIgniter\Session\Handlers\FileHandler' driver.
DEBUG - 2025-12-08 08:58:46 --> QuarterlyChartService - Total uploads: 1
DEBUG - 2025-12-08 08:58:46 --> QuarterlyChartService - Selected year: all
DEBUG - 2025-12-08 08:58:46 --> Processing upload ID: 36, Status: completed, Year: 2025, Quarter: Q3
DEBUG - 2025-12-08 08:58:46 --> Upload ID 36 - PMA: 1653622393959.00, PMDN: 1817276331954.00
DEBUG - 2025-12-08 08:58:46 --> Added to Q3: 3470898725913 (Total now: 3470898725913)
DEBUG - 2025-12-08 08:58:46 --> Final quarterly data before conversion: {"Q1":0,"Q2":0,"Q3":3470898725913,"Q4":0}
DEBUG - 2025-12-08 08:58:46 --> QuarterlyChartService (All Years) - Total uploads: 1
DEBUG - 2025-12-08 08:58:46 --> Initialized year: 2025
DEBUG - 2025-12-08 08:58:46 --> Upload ID 36 - PMA: 1653622393959.00, PMDN: 1817276331954.00
DEBUG - 2025-12-08 08:58:46 --> Added to Q3: 3470898725913 (Total now: 3470898725913)
DEBUG - 2025-12-08 08:58:46 --> Yearly quarterly data before conversion: {"2025":{"Q1":0,"Q2":0,"Q3":3470898725913,"Q4":0}}
DEBUG - 2025-12-08 08:58:46 --> QuarterlyChartService (All Years) - Final result: {"2025":{"labels":["Q1","Q2","Q3","Q4"],"values":[0,0,3470898725913,0]}}
INFO - 2025-12-08 08:58:52 --> Session: Class initialized using 'CodeIgniter\Session\Handlers\FileHandler' driver.
INFO - 2025-12-08 08:58:52 --> Session: Class initialized using 'CodeIgniter\Session\Handlers\FileHandler' driver.
INFO - 2025-12-08 08:59:34 --> Session: Class initialized using 'CodeIgniter\Session\Handlers\FileHandler' driver.
INFO - 2025-12-08 08:59:37 --> Session: Class initialized using 'CodeIgniter\Session\Handlers\FileHandler' driver.
INFO - 2025-12-08 08:59:45 --> Session: Class initialized using 'CodeIgniter\Session\Handlers\FileHandler' driver.
INFO - 2025-12-08 08:59:45 --> Session: Class initialized using 'CodeIgniter\Session\Handlers\FileHandler' driver.
INFO - 2025-12-08 08:59:48 --> Session: Class initialized using 'CodeIgniter\Session\Handlers\FileHandler' driver.
INFO - 2025-12-08 08:59:48 --> Session: Class initialized using 'CodeIgniter\Session\Handlers\FileHandler' driver.
INFO - 2025-12-08 08:59:55 --> Session: Class initialized using 'CodeIgniter\Session\Handlers\FileHandler' driver.
INFO - 2025-12-08 08:59:56 --> Session: Class initialized using 'CodeIgniter\Session\Handlers\FileHandler' driver.
INFO - 2025-12-08 09:00:01 --> Session: Class initialized using 'CodeIgniter\Session\Handlers\FileHandler' driver.
INFO - 2025-12-08 09:00:01 --> Session: Class initialized using 'CodeIgniter\Session\Handlers\FileHandler' driver.
INFO - 2025-12-08 09:00:05 --> Session: Class initialized using 'CodeIgniter\Session\Handlers\FileHandler' driver.
INFO - 2025-12-08 09:00:06 --> Session: Class initialized using 'CodeIgniter\Session\Handlers\FileHandler' driver.
INFO - 2025-12-08 09:01:22 --> Session: Class initialized using 'CodeIgniter\Session\Handlers\FileHandler' driver.
INFO - 2025-12-08 09:01:28 --> Session: Class initialized using 'CodeIgniter\Session\Handlers\FileHandler' driver.
INFO - 2025-12-08 09:01:34 --> Session: Class initialized using 'CodeIgniter\Session\Handlers\FileHandler' driver.
INFO - 2025-12-08 09:01:34 --> Session: Class initialized using 'CodeIgniter\Session\Handlers\FileHandler' driver.
